mode: set
github.com/skyflowapi/skyflow-go/v1/serviceaccount/util/token.go:33.76,36.2 2 1
github.com/skyflowapi/skyflow-go/v1/serviceaccount/util/token.go:39.82,44.16 4 1
github.com/skyflowapi/skyflow-go/v1/serviceaccount/util/token.go:44.16,47.3 2 1
github.com/skyflowapi/skyflow-go/v1/serviceaccount/util/token.go:48.2,51.16 3 1
github.com/skyflowapi/skyflow-go/v1/serviceaccount/util/token.go:51.16,54.3 2 0
github.com/skyflowapi/skyflow-go/v1/serviceaccount/util/token.go:56.2,57.16 2 1
github.com/skyflowapi/skyflow-go/v1/serviceaccount/util/token.go:57.16,60.3 2 1
github.com/skyflowapi/skyflow-go/v1/serviceaccount/util/token.go:62.2,63.25 2 0
github.com/skyflowapi/skyflow-go/v1/serviceaccount/util/token.go:63.25,65.3 1 0
github.com/skyflowapi/skyflow-go/v1/serviceaccount/util/token.go:66.2,66.19 1 0
github.com/skyflowapi/skyflow-go/v1/serviceaccount/util/token.go:69.94,74.16 4 1
github.com/skyflowapi/skyflow-go/v1/serviceaccount/util/token.go:74.16,77.3 2 1
github.com/skyflowapi/skyflow-go/v1/serviceaccount/util/token.go:79.2,80.25 2 1
github.com/skyflowapi/skyflow-go/v1/serviceaccount/util/token.go:80.25,82.3 1 1
github.com/skyflowapi/skyflow-go/v1/serviceaccount/util/token.go:83.2,83.19 1 0
github.com/skyflowapi/skyflow-go/v1/serviceaccount/util/token.go:87.97,90.23 2 1
github.com/skyflowapi/skyflow-go/v1/serviceaccount/util/token.go:90.23,93.3 2 1
github.com/skyflowapi/skyflow-go/v1/serviceaccount/util/token.go:94.2,95.25 2 1
github.com/skyflowapi/skyflow-go/v1/serviceaccount/util/token.go:95.25,97.3 1 1
github.com/skyflowapi/skyflow-go/v1/serviceaccount/util/token.go:99.2,100.9 2 0
github.com/skyflowapi/skyflow-go/v1/serviceaccount/util/token.go:100.9,103.3 2 0
github.com/skyflowapi/skyflow-go/v1/serviceaccount/util/token.go:104.2,105.9 2 0
github.com/skyflowapi/skyflow-go/v1/serviceaccount/util/token.go:105.9,108.3 2 0
github.com/skyflowapi/skyflow-go/v1/serviceaccount/util/token.go:109.2,110.9 2 0
github.com/skyflowapi/skyflow-go/v1/serviceaccount/util/token.go:110.9,113.3 2 0
github.com/skyflowapi/skyflow-go/v1/serviceaccount/util/token.go:115.2,116.25 2 0
github.com/skyflowapi/skyflow-go/v1/serviceaccount/util/token.go:116.25,118.3 1 0
github.com/skyflowapi/skyflow-go/v1/serviceaccount/util/token.go:120.2,124.16 2 0
github.com/skyflowapi/skyflow-go/v1/serviceaccount/util/token.go:124.16,127.3 2 0
github.com/skyflowapi/skyflow-go/v1/serviceaccount/util/token.go:128.2,131.16 4 0
github.com/skyflowapi/skyflow-go/v1/serviceaccount/util/token.go:131.16,134.3 2 0
github.com/skyflowapi/skyflow-go/v1/serviceaccount/util/token.go:135.2,140.16 6 0
github.com/skyflowapi/skyflow-go/v1/serviceaccount/util/token.go:140.16,142.3 1 0
github.com/skyflowapi/skyflow-go/v1/serviceaccount/util/token.go:143.2,143.16 1 0
github.com/skyflowapi/skyflow-go/v1/serviceaccount/util/token.go:143.16,146.3 2 0
github.com/skyflowapi/skyflow-go/v1/serviceaccount/util/token.go:147.2,150.16 3 0
github.com/skyflowapi/skyflow-go/v1/serviceaccount/util/token.go:150.16,153.3 2 0
github.com/skyflowapi/skyflow-go/v1/serviceaccount/util/token.go:155.2,155.27 1 0
github.com/skyflowapi/skyflow-go/v1/serviceaccount/util/token.go:155.27,160.3 2 0
github.com/skyflowapi/skyflow-go/v1/serviceaccount/util/token.go:162.2,162.20 1 0
github.com/skyflowapi/skyflow-go/v1/serviceaccount/util/token.go:162.20,165.3 2 0
github.com/skyflowapi/skyflow-go/v1/serviceaccount/util/token.go:167.2,170.28 4 0
github.com/skyflowapi/skyflow-go/v1/serviceaccount/util/token.go:173.82,176.20 3 1
github.com/skyflowapi/skyflow-go/v1/serviceaccount/util/token.go:176.20,179.3 2 1
github.com/skyflowapi/skyflow-go/v1/serviceaccount/util/token.go:181.2,181.35 1 0
github.com/skyflowapi/skyflow-go/v1/serviceaccount/util/token.go:181.35,184.3 2 0
github.com/skyflowapi/skyflow-go/v1/serviceaccount/util/token.go:186.2,187.75 2 0
github.com/skyflowapi/skyflow-go/v1/serviceaccount/util/token.go:187.75,188.76 1 0
github.com/skyflowapi/skyflow-go/v1/serviceaccount/util/token.go:188.76,191.4 2 0
github.com/skyflowapi/skyflow-go/v1/serviceaccount/util/token.go:194.2,197.9 4 0
github.com/skyflowapi/skyflow-go/v1/serviceaccount/util/token.go:197.9,200.3 2 0
github.com/skyflowapi/skyflow-go/v1/serviceaccount/util/token.go:201.2,201.24 1 0
github.com/skyflowapi/skyflow-go/v1/serviceaccount/util/token.go:204.114,216.16 4 0
github.com/skyflowapi/skyflow-go/v1/serviceaccount/util/token.go:216.16,219.3 2 0
github.com/skyflowapi/skyflow-go/v1/serviceaccount/util/token.go:220.2,220.25 1 0
github.com/skyflowapi/skyflow-go/v1/serviceaccount/util/token.go:223.63,224.21 1 0
github.com/skyflowapi/skyflow-go/v1/serviceaccount/util/token.go:224.21,226.3 1 0
github.com/skyflowapi/skyflow-go/v1/serviceaccount/util/token.go:228.2,228.48 1 0
github.com/skyflowapi/skyflow-go/v1/serviceaccount/util/token.go:232.39,235.2 2 1
github.com/skyflowapi/skyflow-go/v1/serviceaccount/util/token.go:237.41,238.23 1 1
github.com/skyflowapi/skyflow-go/v1/serviceaccount/util/token.go:238.23,241.3 2 1
github.com/skyflowapi/skyflow-go/v1/serviceaccount/util/token.go:242.2,243.16 2 1
github.com/skyflowapi/skyflow-go/v1/serviceaccount/util/token.go:243.16,245.3 1 1
github.com/skyflowapi/skyflow-go/v1/serviceaccount/util/token.go:246.2,247.9 2 0
github.com/skyflowapi/skyflow-go/v1/serviceaccount/util/token.go:247.9,249.3 1 0
github.com/skyflowapi/skyflow-go/v1/serviceaccount/util/token.go:250.2,251.37 2 0
github.com/skyflowapi/skyflow-go/v1/serviceaccount/util/token.go:252.15,253.40 1 0
github.com/skyflowapi/skyflow-go/v1/serviceaccount/util/token.go:254.19,256.31 2 0
github.com/skyflowapi/skyflow-go/v1/serviceaccount/util/token.go:258.2,259.36 2 0
github.com/skyflowapi/skyflow-go/v1/serviceaccount/util/token.go:259.36,261.3 1 0
github.com/skyflowapi/skyflow-go/v1/serviceaccount/util/token.go:262.2,262.39 1 0
