mode: set
github.com/skyflowapi/skyflow-go/skyflow/vault-api/detokenize.go:21.87,28.16 2 1
github.com/skyflowapi/skyflow-go/skyflow/vault-api/detokenize.go:31.2,33.70 3 1
github.com/skyflowapi/skyflow-go/skyflow/vault-api/detokenize.go:36.2,37.16 2 1
github.com/skyflowapi/skyflow-go/skyflow/vault-api/detokenize.go:40.2,40.17 1 1
github.com/skyflowapi/skyflow-go/skyflow/vault-api/detokenize.go:28.16,30.3 1 1
github.com/skyflowapi/skyflow-go/skyflow/vault-api/detokenize.go:33.70,35.3 1 0
github.com/skyflowapi/skyflow-go/skyflow/vault-api/detokenize.go:37.16,39.3 1 0
github.com/skyflowapi/skyflow-go/skyflow/vault-api/detokenize.go:43.74,45.16 2 1
github.com/skyflowapi/skyflow-go/skyflow/vault-api/detokenize.go:48.2,49.25 2 1
github.com/skyflowapi/skyflow-go/skyflow/vault-api/detokenize.go:52.2,53.28 2 1
github.com/skyflowapi/skyflow-go/skyflow/vault-api/detokenize.go:56.2,56.38 1 1
github.com/skyflowapi/skyflow-go/skyflow/vault-api/detokenize.go:65.2,65.12 1 1
github.com/skyflowapi/skyflow-go/skyflow/vault-api/detokenize.go:45.16,47.3 1 0
github.com/skyflowapi/skyflow-go/skyflow/vault-api/detokenize.go:49.25,51.3 1 1
github.com/skyflowapi/skyflow-go/skyflow/vault-api/detokenize.go:53.28,55.3 1 1
github.com/skyflowapi/skyflow-go/skyflow/vault-api/detokenize.go:56.38,59.19 3 1
github.com/skyflowapi/skyflow-go/skyflow/vault-api/detokenize.go:59.19,61.4 1 1
github.com/skyflowapi/skyflow-go/skyflow/vault-api/detokenize.go:61.9,61.25 1 1
github.com/skyflowapi/skyflow-go/skyflow/vault-api/detokenize.go:61.25,63.4 1 1
github.com/skyflowapi/skyflow-go/skyflow/vault-api/detokenize.go:69.125,76.44 4 1
github.com/skyflowapi/skyflow-go/skyflow/vault-api/detokenize.go:136.2,136.44 1 1
github.com/skyflowapi/skyflow-go/skyflow/vault-api/detokenize.go:145.2,146.25 2 1
github.com/skyflowapi/skyflow-go/skyflow/vault-api/detokenize.go:149.2,149.23 1 1
github.com/skyflowapi/skyflow-go/skyflow/vault-api/detokenize.go:152.2,152.25 1 1
github.com/skyflowapi/skyflow-go/skyflow/vault-api/detokenize.go:76.44,77.63 1 1
github.com/skyflowapi/skyflow-go/skyflow/vault-api/detokenize.go:77.63,87.18 10 1
github.com/skyflowapi/skyflow-go/skyflow/vault-api/detokenize.go:87.18,98.19 5 1
github.com/skyflowapi/skyflow-go/skyflow/vault-api/detokenize.go:107.5,111.19 5 1
github.com/skyflowapi/skyflow-go/skyflow/vault-api/detokenize.go:98.19,106.6 6 0
github.com/skyflowapi/skyflow-go/skyflow/vault-api/detokenize.go:111.19,116.6 4 0
github.com/skyflowapi/skyflow-go/skyflow/vault-api/detokenize.go:116.11,118.28 2 1
github.com/skyflowapi/skyflow-go/skyflow/vault-api/detokenize.go:118.28,124.7 5 0
github.com/skyflowapi/skyflow-go/skyflow/vault-api/detokenize.go:124.12,129.7 4 1
github.com/skyflowapi/skyflow-go/skyflow/vault-api/detokenize.go:136.44,138.43 2 1
github.com/skyflowapi/skyflow-go/skyflow/vault-api/detokenize.go:138.43,140.4 1 0
github.com/skyflowapi/skyflow-go/skyflow/vault-api/detokenize.go:140.9,142.4 1 1
github.com/skyflowapi/skyflow-go/skyflow/vault-api/detokenize.go:146.25,148.3 1 1
github.com/skyflowapi/skyflow-go/skyflow/vault-api/detokenize.go:149.23,151.3 1 0
github.com/skyflowapi/skyflow-go/skyflow/vault-api/getById.go:22.75,25.16 2 1
github.com/skyflowapi/skyflow-go/skyflow/vault-api/getById.go:28.2,30.67 3 1
github.com/skyflowapi/skyflow-go/skyflow/vault-api/getById.go:33.2,34.16 2 1
github.com/skyflowapi/skyflow-go/skyflow/vault-api/getById.go:37.2,37.17 1 1
github.com/skyflowapi/skyflow-go/skyflow/vault-api/getById.go:25.16,27.3 1 1
github.com/skyflowapi/skyflow-go/skyflow/vault-api/getById.go:30.67,32.3 1 0
github.com/skyflowapi/skyflow-go/skyflow/vault-api/getById.go:34.16,36.3 1 0
github.com/skyflowapi/skyflow-go/skyflow/vault-api/getById.go:40.59,42.16 2 1
github.com/skyflowapi/skyflow-go/skyflow/vault-api/getById.go:45.2,46.25 2 1
github.com/skyflowapi/skyflow-go/skyflow/vault-api/getById.go:49.2,50.28 2 1
github.com/skyflowapi/skyflow-go/skyflow/vault-api/getById.go:53.2,53.38 1 1
github.com/skyflowapi/skyflow-go/skyflow/vault-api/getById.go:83.2,83.12 1 1
github.com/skyflowapi/skyflow-go/skyflow/vault-api/getById.go:42.16,44.3 1 0
github.com/skyflowapi/skyflow-go/skyflow/vault-api/getById.go:46.25,48.3 1 1
github.com/skyflowapi/skyflow-go/skyflow/vault-api/getById.go:50.28,52.3 1 1
github.com/skyflowapi/skyflow-go/skyflow/vault-api/getById.go:53.38,59.19 5 1
github.com/skyflowapi/skyflow-go/skyflow/vault-api/getById.go:73.3,74.24 2 1
github.com/skyflowapi/skyflow-go/skyflow/vault-api/getById.go:77.3,77.30 1 1
github.com/skyflowapi/skyflow-go/skyflow/vault-api/getById.go:59.19,61.4 1 1
github.com/skyflowapi/skyflow-go/skyflow/vault-api/getById.go:61.9,61.25 1 1
github.com/skyflowapi/skyflow-go/skyflow/vault-api/getById.go:61.25,63.4 1 1
github.com/skyflowapi/skyflow-go/skyflow/vault-api/getById.go:63.9,63.24 1 1
github.com/skyflowapi/skyflow-go/skyflow/vault-api/getById.go:63.24,65.4 1 1
github.com/skyflowapi/skyflow-go/skyflow/vault-api/getById.go:65.9,65.23 1 1
github.com/skyflowapi/skyflow-go/skyflow/vault-api/getById.go:65.23,67.4 1 1
github.com/skyflowapi/skyflow-go/skyflow/vault-api/getById.go:67.9,67.30 1 1
github.com/skyflowapi/skyflow-go/skyflow/vault-api/getById.go:67.30,69.4 1 1
github.com/skyflowapi/skyflow-go/skyflow/vault-api/getById.go:74.24,76.4 1 1
github.com/skyflowapi/skyflow-go/skyflow/vault-api/getById.go:77.30,78.28 1 1
github.com/skyflowapi/skyflow-go/skyflow/vault-api/getById.go:78.28,80.5 1 1
github.com/skyflowapi/skyflow-go/skyflow/vault-api/getById.go:86.108,93.44 4 1
github.com/skyflowapi/skyflow-go/skyflow/vault-api/getById.go:165.2,165.44 1 1
github.com/skyflowapi/skyflow-go/skyflow/vault-api/getById.go:174.2,175.25 2 1
github.com/skyflowapi/skyflow-go/skyflow/vault-api/getById.go:178.2,178.23 1 1
github.com/skyflowapi/skyflow-go/skyflow/vault-api/getById.go:181.2,181.25 1 1
github.com/skyflowapi/skyflow-go/skyflow/vault-api/getById.go:93.44,94.63 1 1
github.com/skyflowapi/skyflow-go/skyflow/vault-api/getById.go:94.63,99.47 5 1
github.com/skyflowapi/skyflow-go/skyflow/vault-api/getById.go:102.4,104.18 3 1
github.com/skyflowapi/skyflow-go/skyflow/vault-api/getById.go:99.47,101.5 1 1
github.com/skyflowapi/skyflow-go/skyflow/vault-api/getById.go:104.18,115.19 5 1
github.com/skyflowapi/skyflow-go/skyflow/vault-api/getById.go:123.5,127.19 5 1
github.com/skyflowapi/skyflow-go/skyflow/vault-api/getById.go:115.19,122.6 5 0
github.com/skyflowapi/skyflow-go/skyflow/vault-api/getById.go:127.19,132.6 4 0
github.com/skyflowapi/skyflow-go/skyflow/vault-api/getById.go:132.11,134.28 2 1
github.com/skyflowapi/skyflow-go/skyflow/vault-api/getById.go:134.28,141.7 5 0
github.com/skyflowapi/skyflow-go/skyflow/vault-api/getById.go:141.12,146.41 4 1
github.com/skyflowapi/skyflow-go/skyflow/vault-api/getById.go:156.7,157.37 2 1
github.com/skyflowapi/skyflow-go/skyflow/vault-api/getById.go:146.41,155.8 8 1
github.com/skyflowapi/skyflow-go/skyflow/vault-api/getById.go:165.44,167.43 2 1
github.com/skyflowapi/skyflow-go/skyflow/vault-api/getById.go:167.43,169.4 1 0
github.com/skyflowapi/skyflow-go/skyflow/vault-api/getById.go:169.9,171.4 1 1
github.com/skyflowapi/skyflow-go/skyflow/vault-api/getById.go:175.25,177.3 1 1
github.com/skyflowapi/skyflow-go/skyflow/vault-api/getById.go:178.23,180.3 1 0
github.com/skyflowapi/skyflow-go/skyflow/vault-api/helpers.go:12.83,14.33 1 1
github.com/skyflowapi/skyflow-go/skyflow/vault-api/helpers.go:24.2,24.12 1 1
github.com/skyflowapi/skyflow-go/skyflow/vault-api/helpers.go:14.33,17.3 1 1
github.com/skyflowapi/skyflow-go/skyflow/vault-api/helpers.go:17.8,17.41 1 1
github.com/skyflowapi/skyflow-go/skyflow/vault-api/helpers.go:17.41,20.3 1 1
github.com/skyflowapi/skyflow-go/skyflow/vault-api/helpers.go:20.8,20.48 1 1
github.com/skyflowapi/skyflow-go/skyflow/vault-api/helpers.go:20.48,23.3 1 1
github.com/skyflowapi/skyflow-go/skyflow/vault-api/helpers.go:27.37,29.16 2 1
github.com/skyflowapi/skyflow-go/skyflow/vault-api/helpers.go:33.2,34.73 2 1
github.com/skyflowapi/skyflow-go/skyflow/vault-api/helpers.go:38.2,38.13 1 1
github.com/skyflowapi/skyflow-go/skyflow/vault-api/helpers.go:29.16,31.3 1 1
github.com/skyflowapi/skyflow-go/skyflow/vault-api/helpers.go:34.73,36.3 1 1
github.com/skyflowapi/skyflow-go/skyflow/vault-api/insert.go:30.13,32.2 1 1
github.com/skyflowapi/skyflow-go/skyflow/vault-api/insert.go:34.66,37.16 2 1
github.com/skyflowapi/skyflow-go/skyflow/vault-api/insert.go:40.2,41.25 2 1
github.com/skyflowapi/skyflow-go/skyflow/vault-api/insert.go:44.2,45.28 2 1
github.com/skyflowapi/skyflow-go/skyflow/vault-api/insert.go:48.2,48.38 1 1
github.com/skyflowapi/skyflow-go/skyflow/vault-api/insert.go:71.2,71.12 1 1
github.com/skyflowapi/skyflow-go/skyflow/vault-api/insert.go:37.16,39.3 1 1
github.com/skyflowapi/skyflow-go/skyflow/vault-api/insert.go:41.25,43.3 1 1
github.com/skyflowapi/skyflow-go/skyflow/vault-api/insert.go:45.28,47.3 1 1
github.com/skyflowapi/skyflow-go/skyflow/vault-api/insert.go:48.38,52.19 4 1
github.com/skyflowapi/skyflow-go/skyflow/vault-api/insert.go:61.3,62.22 2 1
github.com/skyflowapi/skyflow-go/skyflow/vault-api/insert.go:65.3,65.28 1 1
github.com/skyflowapi/skyflow-go/skyflow/vault-api/insert.go:52.19,54.4 1 1
github.com/skyflowapi/skyflow-go/skyflow/vault-api/insert.go:54.9,54.25 1 1
github.com/skyflowapi/skyflow-go/skyflow/vault-api/insert.go:54.25,56.4 1 1
github.com/skyflowapi/skyflow-go/skyflow/vault-api/insert.go:56.9,56.27 1 1
github.com/skyflowapi/skyflow-go/skyflow/vault-api/insert.go:56.27,58.4 1 1
github.com/skyflowapi/skyflow-go/skyflow/vault-api/insert.go:58.9,58.26 1 1
github.com/skyflowapi/skyflow-go/skyflow/vault-api/insert.go:58.26,60.4 1 1
github.com/skyflowapi/skyflow-go/skyflow/vault-api/insert.go:62.22,64.4 1 1
github.com/skyflowapi/skyflow-go/skyflow/vault-api/insert.go:65.28,66.19 1 1
github.com/skyflowapi/skyflow-go/skyflow/vault-api/insert.go:66.19,68.5 1 1
github.com/skyflowapi/skyflow-go/skyflow/vault-api/insert.go:74.95,76.16 2 1
github.com/skyflowapi/skyflow-go/skyflow/vault-api/insert.go:79.2,81.66 3 1
github.com/skyflowapi/skyflow-go/skyflow/vault-api/insert.go:85.2,86.16 2 1
github.com/skyflowapi/skyflow-go/skyflow/vault-api/insert.go:89.2,90.17 2 1
github.com/skyflowapi/skyflow-go/skyflow/vault-api/insert.go:93.2,103.17 6 1
github.com/skyflowapi/skyflow-go/skyflow/vault-api/insert.go:107.2,111.17 5 1
github.com/skyflowapi/skyflow-go/skyflow/vault-api/insert.go:117.2,117.90 1 1
github.com/skyflowapi/skyflow-go/skyflow/vault-api/insert.go:76.16,78.3 1 1
github.com/skyflowapi/skyflow-go/skyflow/vault-api/insert.go:81.66,83.3 1 0
github.com/skyflowapi/skyflow-go/skyflow/vault-api/insert.go:86.16,88.3 1 0
github.com/skyflowapi/skyflow-go/skyflow/vault-api/insert.go:90.17,92.3 1 0
github.com/skyflowapi/skyflow-go/skyflow/vault-api/insert.go:103.17,106.3 2 0
github.com/skyflowapi/skyflow-go/skyflow/vault-api/insert.go:111.17,113.3 1 0
github.com/skyflowapi/skyflow-go/skyflow/vault-api/insert.go:113.8,113.35 1 1
github.com/skyflowapi/skyflow-go/skyflow/vault-api/insert.go:113.35,116.3 2 0
github.com/skyflowapi/skyflow-go/skyflow/vault-api/insert.go:120.155,124.36 3 1
github.com/skyflowapi/skyflow-go/skyflow/vault-api/insert.go:144.2,146.18 3 1
github.com/skyflowapi/skyflow-go/skyflow/vault-api/insert.go:124.36,134.21 10 1
github.com/skyflowapi/skyflow-go/skyflow/vault-api/insert.go:134.21,141.4 6 1
github.com/skyflowapi/skyflow-go/skyflow/vault-api/insert.go:149.130,154.30 4 1
github.com/skyflowapi/skyflow-go/skyflow/vault-api/insert.go:177.2,178.23 2 1
github.com/skyflowapi/skyflow-go/skyflow/vault-api/insert.go:154.30,155.64 1 1
github.com/skyflowapi/skyflow-go/skyflow/vault-api/insert.go:155.64,167.4 10 1
github.com/skyflowapi/skyflow-go/skyflow/vault-api/insert.go:168.8,169.42 1 0
github.com/skyflowapi/skyflow-go/skyflow/vault-api/insert.go:169.42,175.4 4 0
github.com/skyflowapi/skyflow-go/skyflow/vault-api/invokeConnection.go:21.86,22.62 1 1
github.com/skyflowapi/skyflow-go/skyflow/vault-api/invokeConnection.go:27.2,27.12 1 1
github.com/skyflowapi/skyflow-go/skyflow/vault-api/invokeConnection.go:22.62,24.3 1 1
github.com/skyflowapi/skyflow-go/skyflow/vault-api/invokeConnection.go:24.8,24.76 1 1
github.com/skyflowapi/skyflow-go/skyflow/vault-api/invokeConnection.go:24.76,26.3 1 1
github.com/skyflowapi/skyflow-go/skyflow/vault-api/invokeConnection.go:30.103,33.28 2 1
github.com/skyflowapi/skyflow-go/skyflow/vault-api/invokeConnection.go:36.2,37.76 2 1
github.com/skyflowapi/skyflow-go/skyflow/vault-api/invokeConnection.go:40.2,41.16 2 1
github.com/skyflowapi/skyflow-go/skyflow/vault-api/invokeConnection.go:44.2,50.77 3 1
github.com/skyflowapi/skyflow-go/skyflow/vault-api/invokeConnection.go:64.2,66.79 3 1
github.com/skyflowapi/skyflow-go/skyflow/vault-api/invokeConnection.go:69.2,70.16 2 1
github.com/skyflowapi/skyflow-go/skyflow/vault-api/invokeConnection.go:73.2,77.16 5 1
github.com/skyflowapi/skyflow-go/skyflow/vault-api/invokeConnection.go:80.2,80.17 1 0
github.com/skyflowapi/skyflow-go/skyflow/vault-api/invokeConnection.go:33.28,35.3 1 1
github.com/skyflowapi/skyflow-go/skyflow/vault-api/invokeConnection.go:37.76,39.3 1 1
github.com/skyflowapi/skyflow-go/skyflow/vault-api/invokeConnection.go:41.16,43.3 1 0
github.com/skyflowapi/skyflow-go/skyflow/vault-api/invokeConnection.go:50.77,51.28 1 1
github.com/skyflowapi/skyflow-go/skyflow/vault-api/invokeConnection.go:52.12,53.37 1 1
github.com/skyflowapi/skyflow-go/skyflow/vault-api/invokeConnection.go:54.16,55.42 1 1
github.com/skyflowapi/skyflow-go/skyflow/vault-api/invokeConnection.go:56.15,57.23 1 1
github.com/skyflowapi/skyflow-go/skyflow/vault-api/invokeConnection.go:58.13,59.43 1 1
github.com/skyflowapi/skyflow-go/skyflow/vault-api/invokeConnection.go:60.11,61.57 1 0
github.com/skyflowapi/skyflow-go/skyflow/vault-api/invokeConnection.go:66.79,68.3 1 0
github.com/skyflowapi/skyflow-go/skyflow/vault-api/invokeConnection.go:70.16,72.3 1 0
github.com/skyflowapi/skyflow-go/skyflow/vault-api/invokeConnection.go:77.16,79.3 1 1
