mode: set
github.com/skyflowapi/skyflow-go/skyflow/vault-api/detokenize.go:24.87,27.16 2 1
github.com/skyflowapi/skyflow-go/skyflow/vault-api/detokenize.go:30.2,32.70 3 1
github.com/skyflowapi/skyflow-go/skyflow/vault-api/detokenize.go:35.2,36.16 2 1
github.com/skyflowapi/skyflow-go/skyflow/vault-api/detokenize.go:39.2,39.17 1 1
github.com/skyflowapi/skyflow-go/skyflow/vault-api/detokenize.go:27.16,29.3 1 1
github.com/skyflowapi/skyflow-go/skyflow/vault-api/detokenize.go:32.70,34.3 1 0
github.com/skyflowapi/skyflow-go/skyflow/vault-api/detokenize.go:36.16,38.3 1 0
github.com/skyflowapi/skyflow-go/skyflow/vault-api/detokenize.go:42.74,44.16 2 1
github.com/skyflowapi/skyflow-go/skyflow/vault-api/detokenize.go:48.2,51.25 3 1
github.com/skyflowapi/skyflow-go/skyflow/vault-api/detokenize.go:54.2,55.28 2 1
github.com/skyflowapi/skyflow-go/skyflow/vault-api/detokenize.go:58.2,58.38 1 1
github.com/skyflowapi/skyflow-go/skyflow/vault-api/detokenize.go:67.2,67.12 1 1
github.com/skyflowapi/skyflow-go/skyflow/vault-api/detokenize.go:44.16,46.3 1 0
github.com/skyflowapi/skyflow-go/skyflow/vault-api/detokenize.go:51.25,53.3 1 1
github.com/skyflowapi/skyflow-go/skyflow/vault-api/detokenize.go:55.28,57.3 1 1
github.com/skyflowapi/skyflow-go/skyflow/vault-api/detokenize.go:58.38,61.19 3 1
github.com/skyflowapi/skyflow-go/skyflow/vault-api/detokenize.go:61.19,63.4 1 1
github.com/skyflowapi/skyflow-go/skyflow/vault-api/detokenize.go:63.9,63.25 1 1
github.com/skyflowapi/skyflow-go/skyflow/vault-api/detokenize.go:63.25,65.4 1 1
github.com/skyflowapi/skyflow-go/skyflow/vault-api/detokenize.go:71.125,78.44 4 1
github.com/skyflowapi/skyflow-go/skyflow/vault-api/detokenize.go:142.2,142.44 1 1
github.com/skyflowapi/skyflow-go/skyflow/vault-api/detokenize.go:151.2,152.25 2 1
github.com/skyflowapi/skyflow-go/skyflow/vault-api/detokenize.go:155.2,155.23 1 1
github.com/skyflowapi/skyflow-go/skyflow/vault-api/detokenize.go:158.2,158.25 1 1
github.com/skyflowapi/skyflow-go/skyflow/vault-api/detokenize.go:78.44,80.63 2 1
github.com/skyflowapi/skyflow-go/skyflow/vault-api/detokenize.go:80.63,90.18 10 1
github.com/skyflowapi/skyflow-go/skyflow/vault-api/detokenize.go:90.18,101.19 5 1
github.com/skyflowapi/skyflow-go/skyflow/vault-api/detokenize.go:110.5,114.19 5 1
github.com/skyflowapi/skyflow-go/skyflow/vault-api/detokenize.go:101.19,109.6 6 0
github.com/skyflowapi/skyflow-go/skyflow/vault-api/detokenize.go:114.19,120.6 5 0
github.com/skyflowapi/skyflow-go/skyflow/vault-api/detokenize.go:120.11,122.28 2 1
github.com/skyflowapi/skyflow-go/skyflow/vault-api/detokenize.go:122.28,129.7 6 0
github.com/skyflowapi/skyflow-go/skyflow/vault-api/detokenize.go:129.12,135.7 5 1
github.com/skyflowapi/skyflow-go/skyflow/vault-api/detokenize.go:142.44,144.43 2 1
github.com/skyflowapi/skyflow-go/skyflow/vault-api/detokenize.go:144.43,146.4 1 0
github.com/skyflowapi/skyflow-go/skyflow/vault-api/detokenize.go:146.9,148.4 1 1
github.com/skyflowapi/skyflow-go/skyflow/vault-api/detokenize.go:152.25,154.3 1 1
github.com/skyflowapi/skyflow-go/skyflow/vault-api/detokenize.go:155.23,157.3 1 0
github.com/skyflowapi/skyflow-go/skyflow/vault-api/getById.go:25.75,28.16 2 1
github.com/skyflowapi/skyflow-go/skyflow/vault-api/getById.go:31.2,33.67 3 1
github.com/skyflowapi/skyflow-go/skyflow/vault-api/getById.go:36.2,37.16 2 1
github.com/skyflowapi/skyflow-go/skyflow/vault-api/getById.go:40.2,40.17 1 1
github.com/skyflowapi/skyflow-go/skyflow/vault-api/getById.go:28.16,30.3 1 1
github.com/skyflowapi/skyflow-go/skyflow/vault-api/getById.go:33.67,35.3 1 0
github.com/skyflowapi/skyflow-go/skyflow/vault-api/getById.go:37.16,39.3 1 0
github.com/skyflowapi/skyflow-go/skyflow/vault-api/getById.go:43.59,45.16 2 1
github.com/skyflowapi/skyflow-go/skyflow/vault-api/getById.go:49.2,52.25 3 1
github.com/skyflowapi/skyflow-go/skyflow/vault-api/getById.go:55.2,56.28 2 1
github.com/skyflowapi/skyflow-go/skyflow/vault-api/getById.go:59.2,59.38 1 1
github.com/skyflowapi/skyflow-go/skyflow/vault-api/getById.go:89.2,89.12 1 1
github.com/skyflowapi/skyflow-go/skyflow/vault-api/getById.go:45.16,47.3 1 0
github.com/skyflowapi/skyflow-go/skyflow/vault-api/getById.go:52.25,54.3 1 1
github.com/skyflowapi/skyflow-go/skyflow/vault-api/getById.go:56.28,58.3 1 1
github.com/skyflowapi/skyflow-go/skyflow/vault-api/getById.go:59.38,65.19 5 1
github.com/skyflowapi/skyflow-go/skyflow/vault-api/getById.go:79.3,80.24 2 1
github.com/skyflowapi/skyflow-go/skyflow/vault-api/getById.go:83.3,83.30 1 1
github.com/skyflowapi/skyflow-go/skyflow/vault-api/getById.go:65.19,67.4 1 1
github.com/skyflowapi/skyflow-go/skyflow/vault-api/getById.go:67.9,67.25 1 1
github.com/skyflowapi/skyflow-go/skyflow/vault-api/getById.go:67.25,69.4 1 1
github.com/skyflowapi/skyflow-go/skyflow/vault-api/getById.go:69.9,69.24 1 1
github.com/skyflowapi/skyflow-go/skyflow/vault-api/getById.go:69.24,71.4 1 1
github.com/skyflowapi/skyflow-go/skyflow/vault-api/getById.go:71.9,71.23 1 1
github.com/skyflowapi/skyflow-go/skyflow/vault-api/getById.go:71.23,73.4 1 1
github.com/skyflowapi/skyflow-go/skyflow/vault-api/getById.go:73.9,73.30 1 1
github.com/skyflowapi/skyflow-go/skyflow/vault-api/getById.go:73.30,75.4 1 1
github.com/skyflowapi/skyflow-go/skyflow/vault-api/getById.go:80.24,82.4 1 1
github.com/skyflowapi/skyflow-go/skyflow/vault-api/getById.go:83.30,84.28 1 1
github.com/skyflowapi/skyflow-go/skyflow/vault-api/getById.go:84.28,86.5 1 1
github.com/skyflowapi/skyflow-go/skyflow/vault-api/getById.go:92.108,99.44 4 1
github.com/skyflowapi/skyflow-go/skyflow/vault-api/getById.go:176.2,176.44 1 1
github.com/skyflowapi/skyflow-go/skyflow/vault-api/getById.go:185.2,186.25 2 1
github.com/skyflowapi/skyflow-go/skyflow/vault-api/getById.go:189.2,189.23 1 1
github.com/skyflowapi/skyflow-go/skyflow/vault-api/getById.go:192.2,192.25 1 1
github.com/skyflowapi/skyflow-go/skyflow/vault-api/getById.go:99.44,101.63 2 1
github.com/skyflowapi/skyflow-go/skyflow/vault-api/getById.go:101.63,106.47 5 1
github.com/skyflowapi/skyflow-go/skyflow/vault-api/getById.go:109.4,111.18 3 1
github.com/skyflowapi/skyflow-go/skyflow/vault-api/getById.go:106.47,108.5 1 1
github.com/skyflowapi/skyflow-go/skyflow/vault-api/getById.go:111.18,122.19 5 1
github.com/skyflowapi/skyflow-go/skyflow/vault-api/getById.go:131.5,135.19 5 1
github.com/skyflowapi/skyflow-go/skyflow/vault-api/getById.go:122.19,130.6 6 0
github.com/skyflowapi/skyflow-go/skyflow/vault-api/getById.go:135.19,141.6 5 0
github.com/skyflowapi/skyflow-go/skyflow/vault-api/getById.go:141.11,143.28 2 1
github.com/skyflowapi/skyflow-go/skyflow/vault-api/getById.go:143.28,151.7 6 0
github.com/skyflowapi/skyflow-go/skyflow/vault-api/getById.go:151.12,157.41 5 1
github.com/skyflowapi/skyflow-go/skyflow/vault-api/getById.go:167.7,168.37 2 1
github.com/skyflowapi/skyflow-go/skyflow/vault-api/getById.go:157.41,166.8 8 1
github.com/skyflowapi/skyflow-go/skyflow/vault-api/getById.go:176.44,178.43 2 1
github.com/skyflowapi/skyflow-go/skyflow/vault-api/getById.go:178.43,180.4 1 0
github.com/skyflowapi/skyflow-go/skyflow/vault-api/getById.go:180.9,182.4 1 1
github.com/skyflowapi/skyflow-go/skyflow/vault-api/getById.go:186.25,188.3 1 1
github.com/skyflowapi/skyflow-go/skyflow/vault-api/getById.go:189.23,191.3 1 0
github.com/skyflowapi/skyflow-go/skyflow/vault-api/helpers.go:15.83,17.33 2 1
github.com/skyflowapi/skyflow-go/skyflow/vault-api/helpers.go:30.2,30.12 1 1
github.com/skyflowapi/skyflow-go/skyflow/vault-api/helpers.go:17.33,21.3 2 1
github.com/skyflowapi/skyflow-go/skyflow/vault-api/helpers.go:21.8,21.41 1 1
github.com/skyflowapi/skyflow-go/skyflow/vault-api/helpers.go:21.41,25.3 2 1
github.com/skyflowapi/skyflow-go/skyflow/vault-api/helpers.go:25.8,25.48 1 1
github.com/skyflowapi/skyflow-go/skyflow/vault-api/helpers.go:25.48,29.3 2 1
github.com/skyflowapi/skyflow-go/skyflow/vault-api/helpers.go:33.37,35.16 2 1
github.com/skyflowapi/skyflow-go/skyflow/vault-api/helpers.go:39.2,40.73 2 1
github.com/skyflowapi/skyflow-go/skyflow/vault-api/helpers.go:44.2,44.13 1 1
github.com/skyflowapi/skyflow-go/skyflow/vault-api/helpers.go:35.16,37.3 1 1
github.com/skyflowapi/skyflow-go/skyflow/vault-api/helpers.go:40.73,42.3 1 1
github.com/skyflowapi/skyflow-go/skyflow/vault-api/insert.go:33.13,35.2 1 1
github.com/skyflowapi/skyflow-go/skyflow/vault-api/insert.go:37.66,40.16 2 1
github.com/skyflowapi/skyflow-go/skyflow/vault-api/insert.go:44.2,47.25 3 1
github.com/skyflowapi/skyflow-go/skyflow/vault-api/insert.go:50.2,51.28 2 1
github.com/skyflowapi/skyflow-go/skyflow/vault-api/insert.go:54.2,54.38 1 1
github.com/skyflowapi/skyflow-go/skyflow/vault-api/insert.go:77.2,77.12 1 1
github.com/skyflowapi/skyflow-go/skyflow/vault-api/insert.go:40.16,42.3 1 1
github.com/skyflowapi/skyflow-go/skyflow/vault-api/insert.go:47.25,49.3 1 1
github.com/skyflowapi/skyflow-go/skyflow/vault-api/insert.go:51.28,53.3 1 1
github.com/skyflowapi/skyflow-go/skyflow/vault-api/insert.go:54.38,58.19 4 1
github.com/skyflowapi/skyflow-go/skyflow/vault-api/insert.go:67.3,68.22 2 1
github.com/skyflowapi/skyflow-go/skyflow/vault-api/insert.go:71.3,71.28 1 1
github.com/skyflowapi/skyflow-go/skyflow/vault-api/insert.go:58.19,60.4 1 1
github.com/skyflowapi/skyflow-go/skyflow/vault-api/insert.go:60.9,60.25 1 1
github.com/skyflowapi/skyflow-go/skyflow/vault-api/insert.go:60.25,62.4 1 1
github.com/skyflowapi/skyflow-go/skyflow/vault-api/insert.go:62.9,62.27 1 1
github.com/skyflowapi/skyflow-go/skyflow/vault-api/insert.go:62.27,64.4 1 1
github.com/skyflowapi/skyflow-go/skyflow/vault-api/insert.go:64.9,64.26 1 1
github.com/skyflowapi/skyflow-go/skyflow/vault-api/insert.go:64.26,66.4 1 1
github.com/skyflowapi/skyflow-go/skyflow/vault-api/insert.go:68.22,70.4 1 1
github.com/skyflowapi/skyflow-go/skyflow/vault-api/insert.go:71.28,72.19 1 1
github.com/skyflowapi/skyflow-go/skyflow/vault-api/insert.go:72.19,74.5 1 1
github.com/skyflowapi/skyflow-go/skyflow/vault-api/insert.go:80.95,82.16 2 1
github.com/skyflowapi/skyflow-go/skyflow/vault-api/insert.go:85.2,87.66 3 1
github.com/skyflowapi/skyflow-go/skyflow/vault-api/insert.go:91.2,92.16 2 1
github.com/skyflowapi/skyflow-go/skyflow/vault-api/insert.go:95.2,96.17 2 1
github.com/skyflowapi/skyflow-go/skyflow/vault-api/insert.go:99.2,110.17 7 1
github.com/skyflowapi/skyflow-go/skyflow/vault-api/insert.go:116.2,122.17 6 1
github.com/skyflowapi/skyflow-go/skyflow/vault-api/insert.go:130.2,130.90 1 1
github.com/skyflowapi/skyflow-go/skyflow/vault-api/insert.go:82.16,84.3 1 1
github.com/skyflowapi/skyflow-go/skyflow/vault-api/insert.go:87.66,89.3 1 0
github.com/skyflowapi/skyflow-go/skyflow/vault-api/insert.go:92.16,94.3 1 0
github.com/skyflowapi/skyflow-go/skyflow/vault-api/insert.go:96.17,98.3 1 0
github.com/skyflowapi/skyflow-go/skyflow/vault-api/insert.go:110.17,114.3 3 0
github.com/skyflowapi/skyflow-go/skyflow/vault-api/insert.go:122.17,125.3 2 0
github.com/skyflowapi/skyflow-go/skyflow/vault-api/insert.go:125.8,125.35 1 1
github.com/skyflowapi/skyflow-go/skyflow/vault-api/insert.go:125.35,129.3 3 0
github.com/skyflowapi/skyflow-go/skyflow/vault-api/insert.go:133.155,137.36 3 1
github.com/skyflowapi/skyflow-go/skyflow/vault-api/insert.go:157.2,159.18 3 1
github.com/skyflowapi/skyflow-go/skyflow/vault-api/insert.go:137.36,147.21 10 1
github.com/skyflowapi/skyflow-go/skyflow/vault-api/insert.go:147.21,154.4 6 1
github.com/skyflowapi/skyflow-go/skyflow/vault-api/insert.go:162.130,167.30 4 1
github.com/skyflowapi/skyflow-go/skyflow/vault-api/insert.go:190.2,191.23 2 1
github.com/skyflowapi/skyflow-go/skyflow/vault-api/insert.go:167.30,168.64 1 1
github.com/skyflowapi/skyflow-go/skyflow/vault-api/insert.go:168.64,180.4 10 1
github.com/skyflowapi/skyflow-go/skyflow/vault-api/insert.go:181.8,182.42 1 0
github.com/skyflowapi/skyflow-go/skyflow/vault-api/insert.go:182.42,188.4 4 0
github.com/skyflowapi/skyflow-go/skyflow/vault-api/invokeConnection.go:24.86,28.62 2 1
github.com/skyflowapi/skyflow-go/skyflow/vault-api/invokeConnection.go:33.2,33.12 1 1
github.com/skyflowapi/skyflow-go/skyflow/vault-api/invokeConnection.go:28.62,30.3 1 1
github.com/skyflowapi/skyflow-go/skyflow/vault-api/invokeConnection.go:30.8,30.76 1 1
github.com/skyflowapi/skyflow-go/skyflow/vault-api/invokeConnection.go:30.76,32.3 1 1
github.com/skyflowapi/skyflow-go/skyflow/vault-api/invokeConnection.go:36.103,39.28 2 1
github.com/skyflowapi/skyflow-go/skyflow/vault-api/invokeConnection.go:42.2,43.76 2 1
github.com/skyflowapi/skyflow-go/skyflow/vault-api/invokeConnection.go:46.2,47.16 2 1
github.com/skyflowapi/skyflow-go/skyflow/vault-api/invokeConnection.go:50.2,56.77 3 1
github.com/skyflowapi/skyflow-go/skyflow/vault-api/invokeConnection.go:70.2,73.79 4 1
github.com/skyflowapi/skyflow-go/skyflow/vault-api/invokeConnection.go:77.2,80.16 3 1
github.com/skyflowapi/skyflow-go/skyflow/vault-api/invokeConnection.go:84.2,88.16 5 1
github.com/skyflowapi/skyflow-go/skyflow/vault-api/invokeConnection.go:92.2,93.20 2 0
github.com/skyflowapi/skyflow-go/skyflow/vault-api/invokeConnection.go:39.28,41.3 1 1
github.com/skyflowapi/skyflow-go/skyflow/vault-api/invokeConnection.go:43.76,45.3 1 1
github.com/skyflowapi/skyflow-go/skyflow/vault-api/invokeConnection.go:47.16,49.3 1 0
github.com/skyflowapi/skyflow-go/skyflow/vault-api/invokeConnection.go:56.77,57.28 1 1
github.com/skyflowapi/skyflow-go/skyflow/vault-api/invokeConnection.go:58.12,59.37 1 1
github.com/skyflowapi/skyflow-go/skyflow/vault-api/invokeConnection.go:60.16,61.42 1 1
github.com/skyflowapi/skyflow-go/skyflow/vault-api/invokeConnection.go:62.15,63.23 1 1
github.com/skyflowapi/skyflow-go/skyflow/vault-api/invokeConnection.go:64.13,65.43 1 1
github.com/skyflowapi/skyflow-go/skyflow/vault-api/invokeConnection.go:66.11,67.157 1 0
github.com/skyflowapi/skyflow-go/skyflow/vault-api/invokeConnection.go:73.79,75.3 1 0
github.com/skyflowapi/skyflow-go/skyflow/vault-api/invokeConnection.go:80.16,83.3 2 0
github.com/skyflowapi/skyflow-go/skyflow/vault-api/invokeConnection.go:88.16,91.3 2 1
