mode: set
github.com/skyflowapi/skyflow-go/v1/skyflow/client/client.go:27.140,30.23 3 1
github.com/skyflowapi/skyflow-go/v1/skyflow/client/client.go:30.23,32.3 1 1
github.com/skyflowapi/skyflow-go/v1/skyflow/client/client.go:32.8,34.32 2 1
github.com/skyflowapi/skyflow-go/v1/skyflow/client/client.go:34.32,36.4 1 1
github.com/skyflowapi/skyflow-go/v1/skyflow/client/client.go:37.3,38.37 2 1
github.com/skyflowapi/skyflow-go/v1/skyflow/client/client.go:38.37,40.4 1 1
github.com/skyflowapi/skyflow-go/v1/skyflow/client/client.go:42.2,42.47 1 1
github.com/skyflowapi/skyflow-go/v1/skyflow/client/client.go:42.47,45.3 2 0
github.com/skyflowapi/skyflow-go/v1/skyflow/client/client.go:46.2,47.16 2 1
github.com/skyflowapi/skyflow-go/v1/skyflow/client/client.go:47.16,49.3 1 1
github.com/skyflowapi/skyflow-go/v1/skyflow/client/client.go:50.2,54.16 3 1
github.com/skyflowapi/skyflow-go/v1/skyflow/client/client.go:54.16,56.3 1 1
github.com/skyflowapi/skyflow-go/v1/skyflow/client/client.go:58.2,61.17 4 0
github.com/skyflowapi/skyflow-go/v1/skyflow/client/client.go:61.17,63.3 1 0
github.com/skyflowapi/skyflow-go/v1/skyflow/client/client.go:64.2,64.22 1 0
github.com/skyflowapi/skyflow-go/v1/skyflow/client/client.go:67.152,70.23 3 1
github.com/skyflowapi/skyflow-go/v1/skyflow/client/client.go:70.23,72.32 2 1
github.com/skyflowapi/skyflow-go/v1/skyflow/client/client.go:72.32,74.4 1 1
github.com/skyflowapi/skyflow-go/v1/skyflow/client/client.go:76.2,76.47 1 1
github.com/skyflowapi/skyflow-go/v1/skyflow/client/client.go:76.47,79.3 2 0
github.com/skyflowapi/skyflow-go/v1/skyflow/client/client.go:80.2,81.16 2 1
github.com/skyflowapi/skyflow-go/v1/skyflow/client/client.go:81.16,83.3 1 1
github.com/skyflowapi/skyflow-go/v1/skyflow/client/client.go:84.2,88.16 3 1
github.com/skyflowapi/skyflow-go/v1/skyflow/client/client.go:88.16,90.3 1 1
github.com/skyflowapi/skyflow-go/v1/skyflow/client/client.go:92.2,95.17 4 0
github.com/skyflowapi/skyflow-go/v1/skyflow/client/client.go:95.17,97.3 1 0
github.com/skyflowapi/skyflow-go/v1/skyflow/client/client.go:98.2,98.22 1 0
github.com/skyflowapi/skyflow-go/v1/skyflow/client/client.go:101.143,103.23 2 1
github.com/skyflowapi/skyflow-go/v1/skyflow/client/client.go:103.23,104.32 1 1
github.com/skyflowapi/skyflow-go/v1/skyflow/client/client.go:104.32,106.4 1 1
github.com/skyflowapi/skyflow-go/v1/skyflow/client/client.go:108.2,108.47 1 1
github.com/skyflowapi/skyflow-go/v1/skyflow/client/client.go:108.47,111.3 2 0
github.com/skyflowapi/skyflow-go/v1/skyflow/client/client.go:112.2,113.16 2 1
github.com/skyflowapi/skyflow-go/v1/skyflow/client/client.go:113.16,115.3 1 1
github.com/skyflowapi/skyflow-go/v1/skyflow/client/client.go:116.2,120.16 3 1
github.com/skyflowapi/skyflow-go/v1/skyflow/client/client.go:120.16,122.3 1 1
github.com/skyflowapi/skyflow-go/v1/skyflow/client/client.go:124.2,127.17 4 0
github.com/skyflowapi/skyflow-go/v1/skyflow/client/client.go:127.17,129.3 1 0
github.com/skyflowapi/skyflow-go/v1/skyflow/client/client.go:130.2,130.22 1 0
github.com/skyflowapi/skyflow-go/v1/skyflow/client/client.go:133.131,135.23 2 0
github.com/skyflowapi/skyflow-go/v1/skyflow/client/client.go:135.23,136.32 1 0
github.com/skyflowapi/skyflow-go/v1/skyflow/client/client.go:136.32,138.4 1 0
github.com/skyflowapi/skyflow-go/v1/skyflow/client/client.go:140.2,140.47 1 0
github.com/skyflowapi/skyflow-go/v1/skyflow/client/client.go:140.47,143.3 2 0
github.com/skyflowapi/skyflow-go/v1/skyflow/client/client.go:144.2,145.16 2 0
github.com/skyflowapi/skyflow-go/v1/skyflow/client/client.go:145.16,147.3 1 0
github.com/skyflowapi/skyflow-go/v1/skyflow/client/client.go:148.2,150.23 2 0
github.com/skyflowapi/skyflow-go/v1/skyflow/client/client.go:150.23,152.3 1 0
github.com/skyflowapi/skyflow-go/v1/skyflow/client/client.go:152.8,154.3 1 0
github.com/skyflowapi/skyflow-go/v1/skyflow/client/client.go:155.2,159.16 3 0
github.com/skyflowapi/skyflow-go/v1/skyflow/client/client.go:159.16,161.3 1 0
github.com/skyflowapi/skyflow-go/v1/skyflow/client/client.go:163.2,166.17 4 0
github.com/skyflowapi/skyflow-go/v1/skyflow/client/client.go:166.17,168.3 1 0
github.com/skyflowapi/skyflow-go/v1/skyflow/client/client.go:169.2,169.22 1 0
github.com/skyflowapi/skyflow-go/v1/skyflow/client/client.go:173.126,175.47 1 1
github.com/skyflowapi/skyflow-go/v1/skyflow/client/client.go:175.47,178.3 2 0
github.com/skyflowapi/skyflow-go/v1/skyflow/client/client.go:179.2,180.16 2 1
github.com/skyflowapi/skyflow-go/v1/skyflow/client/client.go:180.16,182.3 1 1
github.com/skyflowapi/skyflow-go/v1/skyflow/client/client.go:183.2,184.35 2 1
github.com/skyflowapi/skyflow-go/v1/skyflow/client/init.go:14.54,17.2 2 1
github.com/skyflowapi/skyflow-go/v1/skyflow/client/token_utils.go:21.113,23.65 1 1
github.com/skyflowapi/skyflow-go/v1/skyflow/client/token_utils.go:23.65,25.3 1 1
github.com/skyflowapi/skyflow-go/v1/skyflow/client/token_utils.go:26.2,28.16 3 1
github.com/skyflowapi/skyflow-go/v1/skyflow/client/token_utils.go:28.16,30.3 1 1
github.com/skyflowapi/skyflow-go/v1/skyflow/client/token_utils.go:31.2,31.64 1 1
github.com/skyflowapi/skyflow-go/v1/skyflow/client/token_utils.go:31.64,33.3 1 0
github.com/skyflowapi/skyflow-go/v1/skyflow/client/token_utils.go:34.2,34.30 1 1
github.com/skyflowapi/skyflow-go/v1/skyflow/client/token_utils.go:37.46,41.21 2 1
github.com/skyflowapi/skyflow-go/v1/skyflow/client/token_utils.go:41.21,43.3 1 1
github.com/skyflowapi/skyflow-go/v1/skyflow/client/token_utils.go:44.2,46.22 3 1
github.com/skyflowapi/skyflow-go/v1/skyflow/client/token_utils.go:46.22,48.3 1 0
github.com/skyflowapi/skyflow-go/v1/skyflow/client/token_utils.go:49.2,51.39 3 1
