mode: set
github.com/skyflowapi/skyflow-go/v2/client/client.go:26.65,34.27 2 1
github.com/skyflowapi/skyflow-go/v2/client/client.go:34.27,35.37 1 1
github.com/skyflowapi/skyflow-go/v2/client/client.go:35.37,37.4 1 1
github.com/skyflowapi/skyflow-go/v2/client/client.go:40.2,41.20 2 1
github.com/skyflowapi/skyflow-go/v2/client/client.go:45.58,46.46 1 1
github.com/skyflowapi/skyflow-go/v2/client/client.go:46.46,47.20 1 1
github.com/skyflowapi/skyflow-go/v2/client/client.go:47.20,50.4 2 1
github.com/skyflowapi/skyflow-go/v2/client/client.go:50.9,50.30 1 1
github.com/skyflowapi/skyflow-go/v2/client/client.go:50.30,53.4 2 1
github.com/skyflowapi/skyflow-go/v2/client/client.go:55.3,55.38 1 1
github.com/skyflowapi/skyflow-go/v2/client/client.go:55.38,56.63 1 1
github.com/skyflowapi/skyflow-go/v2/client/client.go:56.63,58.5 1 1
github.com/skyflowapi/skyflow-go/v2/client/client.go:60.4,61.70 2 1
github.com/skyflowapi/skyflow-go/v2/client/client.go:61.70,63.5 1 1
github.com/skyflowapi/skyflow-go/v2/client/client.go:66.4,74.5 2 1
github.com/skyflowapi/skyflow-go/v2/client/client.go:76.3,76.13 1 1
github.com/skyflowapi/skyflow-go/v2/client/client.go:81.68,82.46 1 1
github.com/skyflowapi/skyflow-go/v2/client/client.go:82.46,84.20 1 1
github.com/skyflowapi/skyflow-go/v2/client/client.go:84.20,87.4 2 1
github.com/skyflowapi/skyflow-go/v2/client/client.go:87.9,87.30 1 1
github.com/skyflowapi/skyflow-go/v2/client/client.go:87.30,90.4 2 1
github.com/skyflowapi/skyflow-go/v2/client/client.go:92.3,92.43 1 1
github.com/skyflowapi/skyflow-go/v2/client/client.go:92.43,93.80 1 1
github.com/skyflowapi/skyflow-go/v2/client/client.go:93.80,96.5 2 1
github.com/skyflowapi/skyflow-go/v2/client/client.go:98.4,99.80 2 1
github.com/skyflowapi/skyflow-go/v2/client/client.go:99.80,101.5 1 1
github.com/skyflowapi/skyflow-go/v2/client/client.go:104.4,107.5 1 1
github.com/skyflowapi/skyflow-go/v2/client/client.go:109.3,109.13 1 1
github.com/skyflowapi/skyflow-go/v2/client/client.go:114.65,115.46 1 1
github.com/skyflowapi/skyflow-go/v2/client/client.go:115.46,117.69 2 1
github.com/skyflowapi/skyflow-go/v2/client/client.go:117.69,119.4 1 1
github.com/skyflowapi/skyflow-go/v2/client/client.go:120.3,121.13 2 1
github.com/skyflowapi/skyflow-go/v2/client/client.go:126.52,127.46 1 1
github.com/skyflowapi/skyflow-go/v2/client/client.go:127.46,131.3 3 1
github.com/skyflowapi/skyflow-go/v2/client/client.go:134.78,135.46 1 1
github.com/skyflowapi/skyflow-go/v2/client/client.go:135.46,138.3 2 1
github.com/skyflowapi/skyflow-go/v2/client/client.go:142.81,145.16 2 1
github.com/skyflowapi/skyflow-go/v2/client/client.go:145.16,147.3 1 1
github.com/skyflowapi/skyflow-go/v2/client/client.go:148.2,151.13 3 1
github.com/skyflowapi/skyflow-go/v2/client/client.go:151.13,154.3 2 0
github.com/skyflowapi/skyflow-go/v2/client/client.go:156.2,163.26 3 1
github.com/skyflowapi/skyflow-go/v2/client/client.go:166.96,168.16 2 1
github.com/skyflowapi/skyflow-go/v2/client/client.go:168.16,170.3 1 1
github.com/skyflowapi/skyflow-go/v2/client/client.go:171.2,173.13 3 1
github.com/skyflowapi/skyflow-go/v2/client/client.go:173.13,177.3 3 0
github.com/skyflowapi/skyflow-go/v2/client/client.go:178.2,184.31 3 1
github.com/skyflowapi/skyflow-go/v2/client/client.go:187.83,190.16 2 1
github.com/skyflowapi/skyflow-go/v2/client/client.go:190.16,192.3 1 1
github.com/skyflowapi/skyflow-go/v2/client/client.go:194.2,197.13 3 1
github.com/skyflowapi/skyflow-go/v2/client/client.go:197.13,200.3 2 0
github.com/skyflowapi/skyflow-go/v2/client/client.go:202.2,209.27 3 1
github.com/skyflowapi/skyflow-go/v2/client/client.go:212.91,214.12 2 1
github.com/skyflowapi/skyflow-go/v2/client/client.go:214.12,216.3 1 1
github.com/skyflowapi/skyflow-go/v2/client/client.go:217.2,217.27 1 1
github.com/skyflowapi/skyflow-go/v2/client/client.go:220.100,222.12 2 1
github.com/skyflowapi/skyflow-go/v2/client/client.go:222.12,224.3 1 1
github.com/skyflowapi/skyflow-go/v2/client/client.go:225.2,225.27 1 1
github.com/skyflowapi/skyflow-go/v2/client/client.go:228.67,230.2 1 0
github.com/skyflowapi/skyflow-go/v2/client/client.go:233.60,236.42 3 1
github.com/skyflowapi/skyflow-go/v2/client/client.go:236.42,238.3 1 1
github.com/skyflowapi/skyflow-go/v2/client/client.go:239.2,239.47 1 1
github.com/skyflowapi/skyflow-go/v2/client/client.go:239.47,241.3 1 1
github.com/skyflowapi/skyflow-go/v2/client/client.go:242.2,242.43 1 1
github.com/skyflowapi/skyflow-go/v2/client/client.go:242.43,244.3 1 1
github.com/skyflowapi/skyflow-go/v2/client/client.go:245.2,245.30 1 1
github.com/skyflowapi/skyflow-go/v2/client/client.go:248.100,250.16 2 1
github.com/skyflowapi/skyflow-go/v2/client/client.go:250.16,252.3 1 1
github.com/skyflowapi/skyflow-go/v2/client/client.go:253.2,254.60 2 1
github.com/skyflowapi/skyflow-go/v2/client/client.go:254.60,255.44 1 1
github.com/skyflowapi/skyflow-go/v2/client/client.go:255.44,256.34 1 1
github.com/skyflowapi/skyflow-go/v2/client/client.go:256.34,260.5 3 0
github.com/skyflowapi/skyflow-go/v2/client/client.go:263.2,263.62 1 1
github.com/skyflowapi/skyflow-go/v2/client/client.go:263.62,264.45 1 1
github.com/skyflowapi/skyflow-go/v2/client/client.go:264.45,265.34 1 1
github.com/skyflowapi/skyflow-go/v2/client/client.go:265.34,269.5 3 0
github.com/skyflowapi/skyflow-go/v2/client/client.go:272.2,272.70 1 1
github.com/skyflowapi/skyflow-go/v2/client/client.go:272.70,273.49 1 1
github.com/skyflowapi/skyflow-go/v2/client/client.go:273.49,274.34 1 1
github.com/skyflowapi/skyflow-go/v2/client/client.go:274.34,278.5 3 0
github.com/skyflowapi/skyflow-go/v2/client/client.go:281.2,281.12 1 1
github.com/skyflowapi/skyflow-go/v2/client/client.go:284.89,287.14 3 1
github.com/skyflowapi/skyflow-go/v2/client/client.go:287.14,289.3 1 1
github.com/skyflowapi/skyflow-go/v2/client/client.go:290.2,290.66 1 1
github.com/skyflowapi/skyflow-go/v2/client/client.go:290.66,291.68 1 1
github.com/skyflowapi/skyflow-go/v2/client/client.go:291.68,294.4 2 1
github.com/skyflowapi/skyflow-go/v2/client/client.go:298.2,298.62 1 1
github.com/skyflowapi/skyflow-go/v2/client/client.go:298.62,299.53 1 1
github.com/skyflowapi/skyflow-go/v2/client/client.go:299.53,303.4 3 1
github.com/skyflowapi/skyflow-go/v2/client/client.go:304.3,304.36 1 1
github.com/skyflowapi/skyflow-go/v2/client/client.go:304.36,306.4 1 1
github.com/skyflowapi/skyflow-go/v2/client/client.go:307.3,307.83 1 1
github.com/skyflowapi/skyflow-go/v2/client/client.go:310.2,310.63 1 1
github.com/skyflowapi/skyflow-go/v2/client/client.go:310.63,311.53 1 1
github.com/skyflowapi/skyflow-go/v2/client/client.go:311.53,315.4 3 1
github.com/skyflowapi/skyflow-go/v2/client/client.go:316.3,316.36 1 1
github.com/skyflowapi/skyflow-go/v2/client/client.go:316.36,318.4 1 1
github.com/skyflowapi/skyflow-go/v2/client/client.go:319.3,319.84 1 1
github.com/skyflowapi/skyflow-go/v2/client/client.go:323.2,325.12 3 1
github.com/skyflowapi/skyflow-go/v2/client/client.go:328.99,331.16 3 1
github.com/skyflowapi/skyflow-go/v2/client/client.go:331.16,333.3 1 0
github.com/skyflowapi/skyflow-go/v2/client/client.go:334.2,334.76 1 1
github.com/skyflowapi/skyflow-go/v2/client/client.go:334.76,337.3 2 1
github.com/skyflowapi/skyflow-go/v2/client/client.go:338.2,338.72 1 1
github.com/skyflowapi/skyflow-go/v2/client/client.go:338.72,340.53 1 1
github.com/skyflowapi/skyflow-go/v2/client/client.go:340.53,344.4 3 1
github.com/skyflowapi/skyflow-go/v2/client/client.go:345.3,345.40 1 1
github.com/skyflowapi/skyflow-go/v2/client/client.go:345.40,347.4 1 1
github.com/skyflowapi/skyflow-go/v2/client/client.go:350.2,351.12 2 1
github.com/skyflowapi/skyflow-go/v2/client/client.go:354.50,357.2 2 1
github.com/skyflowapi/skyflow-go/v2/client/client.go:359.69,360.51 1 1
github.com/skyflowapi/skyflow-go/v2/client/client.go:360.51,363.3 2 1
github.com/skyflowapi/skyflow-go/v2/client/client.go:364.2,364.52 1 1
github.com/skyflowapi/skyflow-go/v2/client/client.go:364.52,367.3 2 0
github.com/skyflowapi/skyflow-go/v2/client/client.go:368.2,368.12 1 1
github.com/skyflowapi/skyflow-go/v2/client/client.go:371.79,373.63 2 1
github.com/skyflowapi/skyflow-go/v2/client/client.go:373.63,375.3 1 1
github.com/skyflowapi/skyflow-go/v2/client/client.go:376.2,376.56 1 1
github.com/skyflowapi/skyflow-go/v2/client/client.go:376.56,378.3 1 1
github.com/skyflowapi/skyflow-go/v2/client/client.go:380.2,389.12 4 1
github.com/skyflowapi/skyflow-go/v2/client/client.go:392.92,394.16 2 1
github.com/skyflowapi/skyflow-go/v2/client/client.go:394.16,396.3 1 1
github.com/skyflowapi/skyflow-go/v2/client/client.go:397.2,399.60 2 1
github.com/skyflowapi/skyflow-go/v2/client/client.go:399.60,400.44 1 1
github.com/skyflowapi/skyflow-go/v2/client/client.go:400.44,401.34 1 1
github.com/skyflowapi/skyflow-go/v2/client/client.go:401.34,405.5 3 0
github.com/skyflowapi/skyflow-go/v2/client/client.go:408.2,408.62 1 1
github.com/skyflowapi/skyflow-go/v2/client/client.go:408.62,409.45 1 1
github.com/skyflowapi/skyflow-go/v2/client/client.go:409.45,410.34 1 1
github.com/skyflowapi/skyflow-go/v2/client/client.go:410.34,414.5 3 0
github.com/skyflowapi/skyflow-go/v2/client/client.go:417.2,417.70 1 1
github.com/skyflowapi/skyflow-go/v2/client/client.go:417.70,418.49 1 1
github.com/skyflowapi/skyflow-go/v2/client/client.go:418.49,419.34 1 1
github.com/skyflowapi/skyflow-go/v2/client/client.go:419.34,423.5 3 0
github.com/skyflowapi/skyflow-go/v2/client/client.go:427.2,427.12 1 1
github.com/skyflowapi/skyflow-go/v2/client/client.go:430.89,432.68 2 1
github.com/skyflowapi/skyflow-go/v2/client/client.go:432.68,434.3 1 1
github.com/skyflowapi/skyflow-go/v2/client/client.go:435.2,435.68 1 1
github.com/skyflowapi/skyflow-go/v2/client/client.go:435.68,438.3 2 1
github.com/skyflowapi/skyflow-go/v2/client/client.go:439.2,444.12 3 1
github.com/skyflowapi/skyflow-go/v2/client/client.go:447.67,448.52 1 1
github.com/skyflowapi/skyflow-go/v2/client/client.go:448.52,451.3 2 1
github.com/skyflowapi/skyflow-go/v2/client/client.go:452.2,454.53 2 1
github.com/skyflowapi/skyflow-go/v2/client/client.go:454.53,457.3 2 0
github.com/skyflowapi/skyflow-go/v2/client/client.go:458.2,459.12 2 1
github.com/skyflowapi/skyflow-go/v2/client/client.go:462.77,463.62 1 1
github.com/skyflowapi/skyflow-go/v2/client/client.go:463.62,466.3 2 1
github.com/skyflowapi/skyflow-go/v2/client/client.go:467.2,468.12 2 1
github.com/skyflowapi/skyflow-go/v2/client/client.go:472.121,474.23 1 1
github.com/skyflowapi/skyflow-go/v2/client/client.go:474.23,476.3 1 0
github.com/skyflowapi/skyflow-go/v2/client/client.go:479.2,479.42 1 1
github.com/skyflowapi/skyflow-go/v2/client/client.go:479.42,481.14 2 1
github.com/skyflowapi/skyflow-go/v2/client/client.go:481.14,483.4 1 1
github.com/skyflowapi/skyflow-go/v2/client/client.go:484.3,484.28 1 1
github.com/skyflowapi/skyflow-go/v2/client/client.go:488.2,488.30 1 1
github.com/skyflowapi/skyflow-go/v2/client/client.go:488.30,490.3 1 1
github.com/skyflowapi/skyflow-go/v2/client/client.go:492.2,492.118 1 0
github.com/skyflowapi/skyflow-go/v2/client/client.go:494.123,496.23 1 1
github.com/skyflowapi/skyflow-go/v2/client/client.go:496.23,498.3 1 1
github.com/skyflowapi/skyflow-go/v2/client/client.go:501.2,501.42 1 1
github.com/skyflowapi/skyflow-go/v2/client/client.go:501.42,503.14 2 1
github.com/skyflowapi/skyflow-go/v2/client/client.go:503.14,505.4 1 1
github.com/skyflowapi/skyflow-go/v2/client/client.go:506.3,506.28 1 1
github.com/skyflowapi/skyflow-go/v2/client/client.go:510.2,510.30 1 1
github.com/skyflowapi/skyflow-go/v2/client/client.go:510.30,512.3 1 1
github.com/skyflowapi/skyflow-go/v2/client/client.go:514.2,514.118 1 0
github.com/skyflowapi/skyflow-go/v2/client/client.go:516.60,520.2 1 1
github.com/skyflowapi/skyflow-go/v2/client/client.go:521.141,523.23 1 1
github.com/skyflowapi/skyflow-go/v2/client/client.go:523.23,525.3 1 0
github.com/skyflowapi/skyflow-go/v2/client/client.go:528.2,528.47 1 1
github.com/skyflowapi/skyflow-go/v2/client/client.go:528.47,530.14 2 1
github.com/skyflowapi/skyflow-go/v2/client/client.go:530.14,532.4 1 1
github.com/skyflowapi/skyflow-go/v2/client/client.go:533.3,533.28 1 1
github.com/skyflowapi/skyflow-go/v2/client/client.go:537.2,537.30 1 1
github.com/skyflowapi/skyflow-go/v2/client/client.go:537.30,539.3 1 1
github.com/skyflowapi/skyflow-go/v2/client/client.go:541.2,541.17 1 0
github.com/skyflowapi/skyflow-go/v2/client/connection_service.go:17.160,19.16 2 1
github.com/skyflowapi/skyflow-go/v2/client/connection_service.go:19.16,21.3 1 1
github.com/skyflowapi/skyflow-go/v2/client/connection_service.go:22.2,22.17 1 1
github.com/skyflowapi/skyflow-go/v2/client/detect_service.go:18.198,20.16 2 1
github.com/skyflowapi/skyflow-go/v2/client/detect_service.go:20.16,22.3 1 0
github.com/skyflowapi/skyflow-go/v2/client/detect_service.go:23.2,23.17 1 1
github.com/skyflowapi/skyflow-go/v2/client/detect_service.go:26.198,28.16 2 1
github.com/skyflowapi/skyflow-go/v2/client/detect_service.go:28.16,30.3 1 1
github.com/skyflowapi/skyflow-go/v2/client/detect_service.go:31.2,31.17 1 1
github.com/skyflowapi/skyflow-go/v2/client/detect_service.go:34.198,36.16 2 1
github.com/skyflowapi/skyflow-go/v2/client/detect_service.go:36.16,38.3 1 1
github.com/skyflowapi/skyflow-go/v2/client/detect_service.go:39.2,39.17 1 1
github.com/skyflowapi/skyflow-go/v2/client/detect_service.go:42.192,44.16 2 1
github.com/skyflowapi/skyflow-go/v2/client/detect_service.go:44.16,46.3 1 1
github.com/skyflowapi/skyflow-go/v2/client/detect_service.go:47.2,47.17 1 1
github.com/skyflowapi/skyflow-go/v2/client/vault_service.go:19.165,21.16 2 1
github.com/skyflowapi/skyflow-go/v2/client/vault_service.go:21.16,23.3 1 1
github.com/skyflowapi/skyflow-go/v2/client/vault_service.go:24.2,24.17 1 1
github.com/skyflowapi/skyflow-go/v2/client/vault_service.go:27.181,29.16 2 1
github.com/skyflowapi/skyflow-go/v2/client/vault_service.go:29.16,31.3 1 1
github.com/skyflowapi/skyflow-go/v2/client/vault_service.go:32.2,32.17 1 1
github.com/skyflowapi/skyflow-go/v2/client/vault_service.go:35.153,38.16 2 1
github.com/skyflowapi/skyflow-go/v2/client/vault_service.go:38.16,40.3 1 1
github.com/skyflowapi/skyflow-go/v2/client/vault_service.go:41.2,41.17 1 1
github.com/skyflowapi/skyflow-go/v2/client/vault_service.go:44.165,47.16 2 1
github.com/skyflowapi/skyflow-go/v2/client/vault_service.go:47.16,49.3 1 1
github.com/skyflowapi/skyflow-go/v2/client/vault_service.go:50.2,50.17 1 1
github.com/skyflowapi/skyflow-go/v2/client/vault_service.go:53.161,56.16 2 1
github.com/skyflowapi/skyflow-go/v2/client/vault_service.go:56.16,58.3 1 1
github.com/skyflowapi/skyflow-go/v2/client/vault_service.go:59.2,59.17 1 1
github.com/skyflowapi/skyflow-go/v2/client/vault_service.go:62.165,65.16 2 1
github.com/skyflowapi/skyflow-go/v2/client/vault_service.go:65.16,67.3 1 1
github.com/skyflowapi/skyflow-go/v2/client/vault_service.go:68.2,68.17 1 1
github.com/skyflowapi/skyflow-go/v2/client/vault_service.go:71.175,73.16 2 1
github.com/skyflowapi/skyflow-go/v2/client/vault_service.go:73.16,75.3 1 1
github.com/skyflowapi/skyflow-go/v2/client/vault_service.go:76.2,76.17 1 1
github.com/skyflowapi/skyflow-go/v2/client/vault_service.go:78.181,80.16 2 1
github.com/skyflowapi/skyflow-go/v2/client/vault_service.go:80.16,82.3 1 1
github.com/skyflowapi/skyflow-go/v2/client/vault_service.go:83.2,83.17 1 1
