mode: set
skyflow-go/v2/internal/helpers/helpers.go:22.108,24.16 2 1
skyflow-go/v2/internal/helpers/helpers.go:24.16,26.3 1 1
skyflow-go/v2/internal/helpers/helpers.go:27.2,30.16 3 1
skyflow-go/v2/internal/helpers/helpers.go:30.16,32.3 1 0
skyflow-go/v2/internal/helpers/helpers.go:33.2,34.57 2 1
skyflow-go/v2/internal/helpers/helpers.go:34.57,36.3 1 1
skyflow-go/v2/internal/helpers/helpers.go:37.2,37.22 1 1
skyflow-go/v2/internal/helpers/helpers.go:41.149,43.16 2 1
skyflow-go/v2/internal/helpers/helpers.go:43.16,45.3 1 1
skyflow-go/v2/internal/helpers/helpers.go:47.2,48.16 2 1
skyflow-go/v2/internal/helpers/helpers.go:48.16,50.3 1 1
skyflow-go/v2/internal/helpers/helpers.go:52.2,52.83 1 1
skyflow-go/v2/internal/helpers/helpers.go:56.112,60.25 4 1
skyflow-go/v2/internal/helpers/helpers.go:60.25,62.3 1 1
skyflow-go/v2/internal/helpers/helpers.go:63.2,63.39 1 1
skyflow-go/v2/internal/helpers/helpers.go:67.192,69.43 2 1
skyflow-go/v2/internal/helpers/helpers.go:69.43,78.29 2 1
skyflow-go/v2/internal/helpers/helpers.go:78.29,80.4 1 1
skyflow-go/v2/internal/helpers/helpers.go:80.9,82.4 1 1
skyflow-go/v2/internal/helpers/helpers.go:83.3,83.24 1 1
skyflow-go/v2/internal/helpers/helpers.go:83.24,85.4 1 1
skyflow-go/v2/internal/helpers/helpers.go:87.3,88.17 2 1
skyflow-go/v2/internal/helpers/helpers.go:88.17,90.4 1 0
skyflow-go/v2/internal/helpers/helpers.go:91.3,91.124 1 1
skyflow-go/v2/internal/helpers/helpers.go:93.2,93.27 1 1
skyflow-go/v2/internal/helpers/helpers.go:96.99,98.9 2 1
skyflow-go/v2/internal/helpers/helpers.go:98.9,100.3 1 1
skyflow-go/v2/internal/helpers/helpers.go:101.2,101.39 1 1
skyflow-go/v2/internal/helpers/helpers.go:105.83,107.20 2 1
skyflow-go/v2/internal/helpers/helpers.go:107.20,109.3 1 1
skyflow-go/v2/internal/helpers/helpers.go:110.2,110.35 1 1
skyflow-go/v2/internal/helpers/helpers.go:110.35,112.3 1 1
skyflow-go/v2/internal/helpers/helpers.go:114.2,115.16 2 1
skyflow-go/v2/internal/helpers/helpers.go:115.16,117.3 1 1
skyflow-go/v2/internal/helpers/helpers.go:118.2,119.16 2 1
skyflow-go/v2/internal/helpers/helpers.go:119.16,121.3 1 1
skyflow-go/v2/internal/helpers/helpers.go:123.2,123.55 1 1
skyflow-go/v2/internal/helpers/helpers.go:123.55,125.3 1 1
skyflow-go/v2/internal/helpers/helpers.go:126.2,126.77 1 1
skyflow-go/v2/internal/helpers/helpers.go:132.163,134.23 2 1
skyflow-go/v2/internal/helpers/helpers.go:134.23,137.3 2 1
skyflow-go/v2/internal/helpers/helpers.go:138.2,139.17 2 1
skyflow-go/v2/internal/helpers/helpers.go:139.17,141.3 1 0
skyflow-go/v2/internal/helpers/helpers.go:142.2,143.9 2 1
skyflow-go/v2/internal/helpers/helpers.go:143.9,146.3 2 1
skyflow-go/v2/internal/helpers/helpers.go:147.2,148.10 2 1
skyflow-go/v2/internal/helpers/helpers.go:148.10,151.3 2 1
skyflow-go/v2/internal/helpers/helpers.go:152.2,153.10 2 1
skyflow-go/v2/internal/helpers/helpers.go:153.10,155.3 1 1
skyflow-go/v2/internal/helpers/helpers.go:157.2,158.14 2 1
skyflow-go/v2/internal/helpers/helpers.go:158.14,160.3 1 0
skyflow-go/v2/internal/helpers/helpers.go:162.2,165.16 4 1
skyflow-go/v2/internal/helpers/helpers.go:165.16,167.3 1 1
skyflow-go/v2/internal/helpers/helpers.go:169.2,176.30 6 1
skyflow-go/v2/internal/helpers/helpers.go:176.30,178.3 1 1
skyflow-go/v2/internal/helpers/helpers.go:180.2,181.17 2 1
skyflow-go/v2/internal/helpers/helpers.go:181.17,184.3 2 1
skyflow-go/v2/internal/helpers/helpers.go:185.2,185.17 1 1
skyflow-go/v2/internal/helpers/helpers.go:187.48,189.18 2 1
skyflow-go/v2/internal/helpers/helpers.go:189.18,190.30 1 1
skyflow-go/v2/internal/helpers/helpers.go:190.30,192.4 1 1
skyflow-go/v2/internal/helpers/helpers.go:194.2,194.14 1 1
skyflow-go/v2/internal/helpers/helpers.go:196.69,198.71 2 1
skyflow-go/v2/internal/helpers/helpers.go:198.71,200.3 1 1
skyflow-go/v2/internal/helpers/helpers.go:202.2,203.21 2 1
skyflow-go/v2/internal/helpers/helpers.go:205.154,214.23 2 1
skyflow-go/v2/internal/helpers/helpers.go:214.23,216.3 1 1
skyflow-go/v2/internal/helpers/helpers.go:217.2,219.16 3 1
skyflow-go/v2/internal/helpers/helpers.go:219.16,221.3 1 0
skyflow-go/v2/internal/helpers/helpers.go:222.2,222.25 1 1
skyflow-go/v2/internal/helpers/helpers.go:224.88,227.20 3 1
skyflow-go/v2/internal/helpers/helpers.go:227.20,229.3 1 0
skyflow-go/v2/internal/helpers/helpers.go:230.2,230.35 1 1
skyflow-go/v2/internal/helpers/helpers.go:230.35,232.3 1 0
skyflow-go/v2/internal/helpers/helpers.go:233.2,234.75 2 1
skyflow-go/v2/internal/helpers/helpers.go:234.75,235.76 1 1
skyflow-go/v2/internal/helpers/helpers.go:235.76,237.4 1 0
skyflow-go/v2/internal/helpers/helpers.go:239.2,242.9 4 1
skyflow-go/v2/internal/helpers/helpers.go:242.9,244.3 1 0
skyflow-go/v2/internal/helpers/helpers.go:246.2,246.24 1 1
