mode: set
github.com/skyflowapi/skyflow-go/v2/internal/helpers/helpers.go:35.108,37.16 2 1
github.com/skyflowapi/skyflow-go/v2/internal/helpers/helpers.go:37.16,40.3 2 1
github.com/skyflowapi/skyflow-go/v2/internal/helpers/helpers.go:41.2,44.16 3 1
github.com/skyflowapi/skyflow-go/v2/internal/helpers/helpers.go:44.16,47.3 2 0
github.com/skyflowapi/skyflow-go/v2/internal/helpers/helpers.go:48.2,49.57 2 1
github.com/skyflowapi/skyflow-go/v2/internal/helpers/helpers.go:49.57,52.3 2 1
github.com/skyflowapi/skyflow-go/v2/internal/helpers/helpers.go:53.2,53.22 1 1
github.com/skyflowapi/skyflow-go/v2/internal/helpers/helpers.go:57.69,60.19 3 1
github.com/skyflowapi/skyflow-go/v2/internal/helpers/helpers.go:61.28,62.87 1 1
github.com/skyflowapi/skyflow-go/v2/internal/helpers/helpers.go:63.21,64.80 1 1
github.com/skyflowapi/skyflow-go/v2/internal/helpers/helpers.go:65.10,66.81 1 1
github.com/skyflowapi/skyflow-go/v2/internal/helpers/helpers.go:68.2,68.23 1 1
github.com/skyflowapi/skyflow-go/v2/internal/helpers/helpers.go:68.23,70.3 1 0
github.com/skyflowapi/skyflow-go/v2/internal/helpers/helpers.go:71.2,71.25 1 1
github.com/skyflowapi/skyflow-go/v2/internal/helpers/helpers.go:73.84,78.26 3 1
github.com/skyflowapi/skyflow-go/v2/internal/helpers/helpers.go:78.26,80.3 1 1
github.com/skyflowapi/skyflow-go/v2/internal/helpers/helpers.go:80.8,82.3 1 1
github.com/skyflowapi/skyflow-go/v2/internal/helpers/helpers.go:85.2,85.22 1 1
github.com/skyflowapi/skyflow-go/v2/internal/helpers/helpers.go:85.22,86.37 1 1
github.com/skyflowapi/skyflow-go/v2/internal/helpers/helpers.go:86.37,88.4 1 1
github.com/skyflowapi/skyflow-go/v2/internal/helpers/helpers.go:91.2,91.18 1 1
github.com/skyflowapi/skyflow-go/v2/internal/helpers/helpers.go:93.125,98.44 4 1
github.com/skyflowapi/skyflow-go/v2/internal/helpers/helpers.go:98.44,101.56 3 1
github.com/skyflowapi/skyflow-go/v2/internal/helpers/helpers.go:101.56,104.4 2 1
github.com/skyflowapi/skyflow-go/v2/internal/helpers/helpers.go:104.9,107.4 2 1
github.com/skyflowapi/skyflow-go/v2/internal/helpers/helpers.go:108.3,108.36 1 1
github.com/skyflowapi/skyflow-go/v2/internal/helpers/helpers.go:110.2,110.23 1 1
github.com/skyflowapi/skyflow-go/v2/internal/helpers/helpers.go:110.23,112.3 1 1
github.com/skyflowapi/skyflow-go/v2/internal/helpers/helpers.go:113.2,113.16 1 1
github.com/skyflowapi/skyflow-go/v2/internal/helpers/helpers.go:115.127,119.16 3 1
github.com/skyflowapi/skyflow-go/v2/internal/helpers/helpers.go:119.16,121.3 1 1
github.com/skyflowapi/skyflow-go/v2/internal/helpers/helpers.go:123.2,124.62 2 1
github.com/skyflowapi/skyflow-go/v2/internal/helpers/helpers.go:124.62,126.3 1 0
github.com/skyflowapi/skyflow-go/v2/internal/helpers/helpers.go:129.2,130.17 2 1
github.com/skyflowapi/skyflow-go/v2/internal/helpers/helpers.go:130.17,132.3 1 1
github.com/skyflowapi/skyflow-go/v2/internal/helpers/helpers.go:135.2,135.56 1 1
github.com/skyflowapi/skyflow-go/v2/internal/helpers/helpers.go:135.56,136.31 1 1
github.com/skyflowapi/skyflow-go/v2/internal/helpers/helpers.go:136.31,138.14 2 1
github.com/skyflowapi/skyflow-go/v2/internal/helpers/helpers.go:138.14,139.13 1 0
github.com/skyflowapi/skyflow-go/v2/internal/helpers/helpers.go:141.4,141.72 1 1
github.com/skyflowapi/skyflow-go/v2/internal/helpers/helpers.go:141.72,143.5 1 1
github.com/skyflowapi/skyflow-go/v2/internal/helpers/helpers.go:144.4,144.81 1 1
github.com/skyflowapi/skyflow-go/v2/internal/helpers/helpers.go:144.81,145.36 1 1
github.com/skyflowapi/skyflow-go/v2/internal/helpers/helpers.go:145.36,147.6 1 1
github.com/skyflowapi/skyflow-go/v2/internal/helpers/helpers.go:152.2,152.58 1 1
github.com/skyflowapi/skyflow-go/v2/internal/helpers/helpers.go:152.58,154.3 1 1
github.com/skyflowapi/skyflow-go/v2/internal/helpers/helpers.go:156.2,157.26 2 1
github.com/skyflowapi/skyflow-go/v2/internal/helpers/helpers.go:159.99,164.24 4 0
github.com/skyflowapi/skyflow-go/v2/internal/helpers/helpers.go:164.24,165.37 1 0
github.com/skyflowapi/skyflow-go/v2/internal/helpers/helpers.go:165.37,167.4 1 0
github.com/skyflowapi/skyflow-go/v2/internal/helpers/helpers.go:169.2,169.21 1 0
github.com/skyflowapi/skyflow-go/v2/internal/helpers/helpers.go:171.86,173.26 2 1
github.com/skyflowapi/skyflow-go/v2/internal/helpers/helpers.go:173.26,174.41 1 1
github.com/skyflowapi/skyflow-go/v2/internal/helpers/helpers.go:174.41,176.4 1 1
github.com/skyflowapi/skyflow-go/v2/internal/helpers/helpers.go:178.2,178.20 1 1
github.com/skyflowapi/skyflow-go/v2/internal/helpers/helpers.go:180.95,184.26 2 1
github.com/skyflowapi/skyflow-go/v2/internal/helpers/helpers.go:184.26,186.41 1 1
github.com/skyflowapi/skyflow-go/v2/internal/helpers/helpers.go:186.41,188.4 1 1
github.com/skyflowapi/skyflow-go/v2/internal/helpers/helpers.go:191.2,191.21 1 1
github.com/skyflowapi/skyflow-go/v2/internal/helpers/helpers.go:195.167,197.39 2 1
github.com/skyflowapi/skyflow-go/v2/internal/helpers/helpers.go:197.39,201.55 3 1
github.com/skyflowapi/skyflow-go/v2/internal/helpers/helpers.go:201.55,203.4 1 0
github.com/skyflowapi/skyflow-go/v2/internal/helpers/helpers.go:204.3,204.36 1 1
github.com/skyflowapi/skyflow-go/v2/internal/helpers/helpers.go:206.2,207.23 2 1
github.com/skyflowapi/skyflow-go/v2/internal/helpers/helpers.go:207.23,209.3 1 0
github.com/skyflowapi/skyflow-go/v2/internal/helpers/helpers.go:210.2,215.25 6 1
github.com/skyflowapi/skyflow-go/v2/internal/helpers/helpers.go:219.149,221.44 2 1
github.com/skyflowapi/skyflow-go/v2/internal/helpers/helpers.go:221.44,228.59 7 1
github.com/skyflowapi/skyflow-go/v2/internal/helpers/helpers.go:228.59,230.4 1 0
github.com/skyflowapi/skyflow-go/v2/internal/helpers/helpers.go:231.3,231.32 1 1
github.com/skyflowapi/skyflow-go/v2/internal/helpers/helpers.go:234.2,239.23 5 1
github.com/skyflowapi/skyflow-go/v2/internal/helpers/helpers.go:239.23,241.3 1 0
github.com/skyflowapi/skyflow-go/v2/internal/helpers/helpers.go:242.2,243.19 2 1
github.com/skyflowapi/skyflow-go/v2/internal/helpers/helpers.go:246.87,249.42 3 1
github.com/skyflowapi/skyflow-go/v2/internal/helpers/helpers.go:249.42,255.3 2 1
github.com/skyflowapi/skyflow-go/v2/internal/helpers/helpers.go:256.2,257.16 2 1
github.com/skyflowapi/skyflow-go/v2/internal/helpers/helpers.go:261.61,263.13 2 1
github.com/skyflowapi/skyflow-go/v2/internal/helpers/helpers.go:264.18,265.35 1 1
github.com/skyflowapi/skyflow-go/v2/internal/helpers/helpers.go:266.19,267.36 1 1
github.com/skyflowapi/skyflow-go/v2/internal/helpers/helpers.go:268.20,269.37 1 1
github.com/skyflowapi/skyflow-go/v2/internal/helpers/helpers.go:270.22,271.39 1 1
github.com/skyflowapi/skyflow-go/v2/internal/helpers/helpers.go:272.10,273.36 1 0
github.com/skyflowapi/skyflow-go/v2/internal/helpers/helpers.go:275.2,275.12 1 1
github.com/skyflowapi/skyflow-go/v2/internal/helpers/helpers.go:278.95,280.50 2 1
github.com/skyflowapi/skyflow-go/v2/internal/helpers/helpers.go:280.50,282.3 1 1
github.com/skyflowapi/skyflow-go/v2/internal/helpers/helpers.go:283.2,285.3 1 1
github.com/skyflowapi/skyflow-go/v2/internal/helpers/helpers.go:287.79,288.28 1 1
github.com/skyflowapi/skyflow-go/v2/internal/helpers/helpers.go:288.28,290.17 2 1
github.com/skyflowapi/skyflow-go/v2/internal/helpers/helpers.go:290.17,292.4 1 1
github.com/skyflowapi/skyflow-go/v2/internal/helpers/helpers.go:293.3,293.19 1 1
github.com/skyflowapi/skyflow-go/v2/internal/helpers/helpers.go:295.2,295.26 1 1
github.com/skyflowapi/skyflow-go/v2/internal/helpers/helpers.go:295.26,297.17 2 1
github.com/skyflowapi/skyflow-go/v2/internal/helpers/helpers.go:297.17,299.4 1 1
github.com/skyflowapi/skyflow-go/v2/internal/helpers/helpers.go:300.3,301.17 2 1
github.com/skyflowapi/skyflow-go/v2/internal/helpers/helpers.go:301.17,303.4 1 1
github.com/skyflowapi/skyflow-go/v2/internal/helpers/helpers.go:305.3,306.17 2 1
github.com/skyflowapi/skyflow-go/v2/internal/helpers/helpers.go:306.17,309.4 2 0
github.com/skyflowapi/skyflow-go/v2/internal/helpers/helpers.go:311.3,315.19 3 1
github.com/skyflowapi/skyflow-go/v2/internal/helpers/helpers.go:318.2,318.39 1 1
github.com/skyflowapi/skyflow-go/v2/internal/helpers/helpers.go:318.39,321.3 1 1
github.com/skyflowapi/skyflow-go/v2/internal/helpers/helpers.go:322.2,322.17 1 1
github.com/skyflowapi/skyflow-go/v2/internal/helpers/helpers.go:326.163,328.16 2 1
github.com/skyflowapi/skyflow-go/v2/internal/helpers/helpers.go:328.16,330.3 1 1
github.com/skyflowapi/skyflow-go/v2/internal/helpers/helpers.go:332.2,333.16 2 1
github.com/skyflowapi/skyflow-go/v2/internal/helpers/helpers.go:333.16,335.3 1 1
github.com/skyflowapi/skyflow-go/v2/internal/helpers/helpers.go:337.2,337.83 1 1
github.com/skyflowapi/skyflow-go/v2/internal/helpers/helpers.go:341.112,345.25 4 1
github.com/skyflowapi/skyflow-go/v2/internal/helpers/helpers.go:345.25,348.3 2 1
github.com/skyflowapi/skyflow-go/v2/internal/helpers/helpers.go:349.2,349.39 1 1
github.com/skyflowapi/skyflow-go/v2/internal/helpers/helpers.go:353.206,355.43 2 1
github.com/skyflowapi/skyflow-go/v2/internal/helpers/helpers.go:355.43,364.29 2 1
github.com/skyflowapi/skyflow-go/v2/internal/helpers/helpers.go:364.29,366.4 1 1
github.com/skyflowapi/skyflow-go/v2/internal/helpers/helpers.go:366.9,368.4 1 1
github.com/skyflowapi/skyflow-go/v2/internal/helpers/helpers.go:369.3,369.24 1 1
github.com/skyflowapi/skyflow-go/v2/internal/helpers/helpers.go:369.24,371.4 1 1
github.com/skyflowapi/skyflow-go/v2/internal/helpers/helpers.go:373.3,374.17 2 1
github.com/skyflowapi/skyflow-go/v2/internal/helpers/helpers.go:374.17,377.4 2 0
github.com/skyflowapi/skyflow-go/v2/internal/helpers/helpers.go:378.3,378.131 1 1
github.com/skyflowapi/skyflow-go/v2/internal/helpers/helpers.go:380.2,381.27 2 1
github.com/skyflowapi/skyflow-go/v2/internal/helpers/helpers.go:384.99,386.9 2 1
github.com/skyflowapi/skyflow-go/v2/internal/helpers/helpers.go:386.9,389.3 2 1
github.com/skyflowapi/skyflow-go/v2/internal/helpers/helpers.go:390.2,390.39 1 1
github.com/skyflowapi/skyflow-go/v2/internal/helpers/helpers.go:394.83,396.20 2 1
github.com/skyflowapi/skyflow-go/v2/internal/helpers/helpers.go:396.20,399.3 2 1
github.com/skyflowapi/skyflow-go/v2/internal/helpers/helpers.go:400.2,400.35 1 1
github.com/skyflowapi/skyflow-go/v2/internal/helpers/helpers.go:400.35,403.3 2 1
github.com/skyflowapi/skyflow-go/v2/internal/helpers/helpers.go:405.2,406.16 2 1
github.com/skyflowapi/skyflow-go/v2/internal/helpers/helpers.go:406.16,408.3 1 1
github.com/skyflowapi/skyflow-go/v2/internal/helpers/helpers.go:409.2,410.16 2 1
github.com/skyflowapi/skyflow-go/v2/internal/helpers/helpers.go:410.16,413.3 2 1
github.com/skyflowapi/skyflow-go/v2/internal/helpers/helpers.go:415.2,415.55 1 1
github.com/skyflowapi/skyflow-go/v2/internal/helpers/helpers.go:415.55,417.3 1 1
github.com/skyflowapi/skyflow-go/v2/internal/helpers/helpers.go:418.2,419.106 2 1
github.com/skyflowapi/skyflow-go/v2/internal/helpers/helpers.go:425.163,427.23 2 1
github.com/skyflowapi/skyflow-go/v2/internal/helpers/helpers.go:427.23,430.3 2 1
github.com/skyflowapi/skyflow-go/v2/internal/helpers/helpers.go:431.2,432.17 2 1
github.com/skyflowapi/skyflow-go/v2/internal/helpers/helpers.go:432.17,434.3 1 0
github.com/skyflowapi/skyflow-go/v2/internal/helpers/helpers.go:435.2,436.9 2 1
github.com/skyflowapi/skyflow-go/v2/internal/helpers/helpers.go:436.9,439.3 2 1
github.com/skyflowapi/skyflow-go/v2/internal/helpers/helpers.go:440.2,441.10 2 1
github.com/skyflowapi/skyflow-go/v2/internal/helpers/helpers.go:441.10,444.3 2 1
github.com/skyflowapi/skyflow-go/v2/internal/helpers/helpers.go:445.2,446.10 2 1
github.com/skyflowapi/skyflow-go/v2/internal/helpers/helpers.go:446.10,449.3 2 1
github.com/skyflowapi/skyflow-go/v2/internal/helpers/helpers.go:451.2,452.14 2 1
github.com/skyflowapi/skyflow-go/v2/internal/helpers/helpers.go:452.14,454.3 1 0
github.com/skyflowapi/skyflow-go/v2/internal/helpers/helpers.go:457.2,460.16 4 1
github.com/skyflowapi/skyflow-go/v2/internal/helpers/helpers.go:460.16,462.3 1 1
github.com/skyflowapi/skyflow-go/v2/internal/helpers/helpers.go:465.2,470.30 5 1
github.com/skyflowapi/skyflow-go/v2/internal/helpers/helpers.go:470.30,472.42 2 1
github.com/skyflowapi/skyflow-go/v2/internal/helpers/helpers.go:472.42,474.4 1 1
github.com/skyflowapi/skyflow-go/v2/internal/helpers/helpers.go:475.3,476.27 2 1
github.com/skyflowapi/skyflow-go/v2/internal/helpers/helpers.go:479.2,480.19 2 1
github.com/skyflowapi/skyflow-go/v2/internal/helpers/helpers.go:480.19,483.3 2 1
github.com/skyflowapi/skyflow-go/v2/internal/helpers/helpers.go:484.2,484.26 1 1
github.com/skyflowapi/skyflow-go/v2/internal/helpers/helpers.go:486.49,488.18 2 1
github.com/skyflowapi/skyflow-go/v2/internal/helpers/helpers.go:488.18,489.30 1 1
github.com/skyflowapi/skyflow-go/v2/internal/helpers/helpers.go:489.30,491.4 1 1
github.com/skyflowapi/skyflow-go/v2/internal/helpers/helpers.go:493.2,493.14 1 1
github.com/skyflowapi/skyflow-go/v2/internal/helpers/helpers.go:495.69,497.71 2 1
github.com/skyflowapi/skyflow-go/v2/internal/helpers/helpers.go:497.71,500.3 2 1
github.com/skyflowapi/skyflow-go/v2/internal/helpers/helpers.go:502.2,503.21 2 1
github.com/skyflowapi/skyflow-go/v2/internal/helpers/helpers.go:505.161,514.23 2 1
github.com/skyflowapi/skyflow-go/v2/internal/helpers/helpers.go:514.23,516.3 1 1
github.com/skyflowapi/skyflow-go/v2/internal/helpers/helpers.go:517.2,519.16 3 1
github.com/skyflowapi/skyflow-go/v2/internal/helpers/helpers.go:519.16,522.3 2 0
github.com/skyflowapi/skyflow-go/v2/internal/helpers/helpers.go:523.2,523.25 1 1
github.com/skyflowapi/skyflow-go/v2/internal/helpers/helpers.go:525.88,528.20 3 1
github.com/skyflowapi/skyflow-go/v2/internal/helpers/helpers.go:528.20,531.3 2 0
github.com/skyflowapi/skyflow-go/v2/internal/helpers/helpers.go:532.2,532.35 1 1
github.com/skyflowapi/skyflow-go/v2/internal/helpers/helpers.go:532.35,535.3 2 0
github.com/skyflowapi/skyflow-go/v2/internal/helpers/helpers.go:536.2,537.75 2 1
github.com/skyflowapi/skyflow-go/v2/internal/helpers/helpers.go:537.75,538.76 1 1
github.com/skyflowapi/skyflow-go/v2/internal/helpers/helpers.go:538.76,541.4 2 0
github.com/skyflowapi/skyflow-go/v2/internal/helpers/helpers.go:543.2,546.9 4 1
github.com/skyflowapi/skyflow-go/v2/internal/helpers/helpers.go:546.9,549.3 2 0
github.com/skyflowapi/skyflow-go/v2/internal/helpers/helpers.go:551.2,551.24 1 1
github.com/skyflowapi/skyflow-go/v2/internal/helpers/helpers.go:554.34,565.16 3 1
github.com/skyflowapi/skyflow-go/v2/internal/helpers/helpers.go:565.16,568.3 2 0
github.com/skyflowapi/skyflow-go/v2/internal/helpers/helpers.go:569.2,569.25 1 1
github.com/skyflowapi/skyflow-go/v2/internal/helpers/helpers.go:572.37,574.2 1 1
github.com/skyflowapi/skyflow-go/v2/internal/helpers/helpers.go:576.47,577.16 1 1
github.com/skyflowapi/skyflow-go/v2/internal/helpers/helpers.go:577.16,579.3 1 1
github.com/skyflowapi/skyflow-go/v2/internal/helpers/helpers.go:580.2,581.31 2 1
github.com/skyflowapi/skyflow-go/v2/internal/helpers/helpers.go:581.31,583.3 1 1
github.com/skyflowapi/skyflow-go/v2/internal/helpers/helpers.go:584.2,584.29 1 1
github.com/skyflowapi/skyflow-go/v2/internal/helpers/helpers.go:587.63,588.47 1 1
github.com/skyflowapi/skyflow-go/v2/internal/helpers/helpers.go:588.47,590.3 1 1
github.com/skyflowapi/skyflow-go/v2/internal/helpers/helpers.go:591.2,591.18 1 1
